00:17:18.604 Xcode[19349:1243288] Beginning test session BackSpaceChallangeTests-707AA465-8C3B-4E00-BDFC-CE35F9CF4A56 at 2018-06-04 00:17:18.604 with Xcode 9F1027a on target <DVTiPhoneSimulator: 0x7f85fa0e2350> {
		SimDevice: iPhone 8 Plus (C88FBC94-57B3-44EE-AB8B-F335396179AA, iOS 11.4, Booted)
} (11.4 (15F79))
00:17:18.604 Xcode[19349:1243288] Launching with Xcode.DebuggerFoundation.Launcher.LLDB
00:17:18.604 Xcode[19349:1243288] Test standard output and standard error is at /var/folders/57/wgbgzwt95b7d7qdvn2d9ff340000gn/T/com.apple.dt.XCTest/IDETestRunSession-EE15412B-6EDC-4235-994B-1F77A7723F3E/BackSpaceChallangeTests-2D2A6EDD-E7C8-4F80-A964-EEFDD40F90D1/StandardOutputAndStandardError.txt
00:17:18.605 Xcode[19349:1243288] Simulator C88FBC94-57B3-44EE-AB8B-F335396179AA was claimed by TestSessionClaim_IDETestRunSession-EE15412B-6EDC-4235-994B-1F77A7723F3E
00:17:20.276 Xcode[19349:1243288] Launch session started.
00:17:20.300 Xcode[19349:1243288] Received Ready from iOSSimulator
00:17:20.300 Xcode[19349:1243288] Sending notification: NSConcreteNotification 0x7f85cc758420 {name = com.apple.iphonesimulator.startSession; userInfo = {
    deviceUDID = "C88FBC94-57B3-44EE-AB8B-F335396179AA";
}}
00:17:20.300 Xcode[19349:3829768] Simulator C88FBC94-57B3-44EE-AB8B-F335396179AA was claimed by LaunchSessionClaim_0x7f85d33c51c0
00:17:20.306 Xcode[19349:1243288] Setting up test runner session
00:17:20.306 Xcode[19349:3829702] Sim iPhone 8 Plus: Unregistering for sim device notification with token 340
00:17:20.306 Xcode[19349:3829702] Calling -[SimDevice getenv:error:] for TESTMANAGERD_SIM_SOCK
00:17:20.307 Xcode[19349:3829702] Sim iPhone 8 Plus has testmanagerd socket at /private/tmp/com.apple.launchd.k8YuOgdX2g/com.apple.testmanagerd.unix-domain.socket
00:17:20.307 Xcode[19349:3829702] Validating test connection socket path (/private/tmp/com.apple.launchd.k8YuOgdX2g/com.apple.testmanagerd.unix-domain.socket)
00:17:20.307 Xcode[19349:3829702] Constructing transport for test connection socket
00:17:20.307 Xcode[19349:3829702] Connected socket 170 to testmanagerd for Sim iPhone 8 Plus
00:17:20.308 Xcode[19349:3829701] Received connection for test runner session
00:17:20.308 Xcode[19349:3829701] Listening for proxy connection request from the test bundle
00:17:20.308 Xcode[19349:3829701] Initiating session with identifier: 707AA465-8C3B-4E00-BDFC-CE35F9CF4A56
00:17:20.321 Xcode[19349:3829403] Got reply to session initiation request with identifier 707AA465-8C3B-4E00-BDFC-CE35F9CF4A56 (result:error): 25: (null)
00:17:20.360 Xcode[19349:1243288] Adding console adaptor <IDEConsoleAdaptor: 0x7f85c97daf00 'target' stdin: <IDEMasterPtyFileHandle: 0x7f85cafadab0 MasterFH: <NSConcreteFileHandle: 0x7f85cdcc69b0> 147 SlaveFH: <NSConcreteFileHandle: 0x7f85c97fb4c0> 169> 147 stdout: <IDEMasterPtyFileHandle: 0x7f85cafadab0 MasterFH: <NSConcreteFileHandle: 0x7f85cdcc69b0> 147 SlaveFH: <NSConcreteFileHandle: 0x7f85c97fb4c0> 169> 147 stderr: (null) 0> for test session 707AA465-8C3B-4E00-BDFC-CE35F9CF4A56.
00:17:20.371 Xcode[19349:1243288] Received Ready from iOSSimulator
00:17:20.371 Xcode[19349:1243288] Sending notification: NSConcreteNotification 0x7f85c8d4ba90 {name = com.apple.iphonesimulator.startSession; userInfo = {
    deviceUDID = "C88FBC94-57B3-44EE-AB8B-F335396179AA";
}}
00:17:20.371 Xcode[19349:3829767] Simulator C88FBC94-57B3-44EE-AB8B-F335396179AA was claimed by LaunchSessionClaim_0x7f85d33c51c0
00:17:20.371 Xcode[19349:3829767] C88FBC94-57B3-44EE-AB8B-F335396179AA: Registered for sim device notification, got token 341
00:17:20.372 Xcode[19349:1243288] Test runner session acquired connection.
00:17:20.372 Xcode[19349:1243288] Waiting for test process to launch.
00:17:20.372 Xcode[19349:3829702] C88FBC94-57B3-44EE-AB8B-F335396179AA: Unregistering for sim device notification with token 341
00:17:20.373 Xcode[19349:3829702] C88FBC94-57B3-44EE-AB8B-F335396179AA: Installing app at path: /Users/gabrielcortinas/Desktop/Xcode Examples/BackSpace/BackSpaceProject/BackSpaceChallange/DerivedData/BackSpaceChallange/Build/Products/Debug-iphonesimulator/BackSpaceChallange.app and options: (null)
00:17:21.211 Xcode[19349:3829702] C88FBC94-57B3-44EE-AB8B-F335396179AA: Installed app at path: /Users/gabrielcortinas/Desktop/Xcode Examples/BackSpace/BackSpaceProject/BackSpaceChallange/DerivedData/BackSpaceChallange/Build/Products/Debug-iphonesimulator/BackSpaceChallange.app and options: (null)
00:17:21.211 Xcode[19349:3829702] C88FBC94-57B3-44EE-AB8B-F335396179AA: Launching app with identifier: com.MrCortinas.CorpX.BackSpaceChallange and options: {
    "activate_suspended" = 0;
    arguments =     (
        "-NSTreatUnknownArgumentsAsOpen",
        NO,
        "-ApplePersistenceIgnoreState",
        YES
    );
    environment =     {
        "DYLD_FRAMEWORK_PATH" = "/Users/gabrielcortinas/Desktop/Xcode Examples/BackSpace/BackSpaceProject/BackSpaceChallange/DerivedData/BackSpaceChallange/Build/Products/Debug-iphonesimulator:/Users/gabrielcortinas/Desktop/Xcode Examples/BackSpace/BackSpaceProject/BackSpaceChallange/DerivedData/BackSpaceChallange/Build/Products/Debug-iphonesimulator:/Applications/Xcode.app/Contents/Developer/Platforms/iPhoneSimulator.platform/Developer/Library/Frameworks:/Applications/Xcode.app/Contents/Developer/Platforms/iPhoneOS.platform/Developer/Library/CoreSimulator/Profiles/Runtimes/iOS.simruntime/Contents/Resources/RuntimeRoot/Developer/Library/PrivateFrameworks";
        "DYLD_INSERT_LIBRARIES" = "/Applications/Xcode.app/Contents/Developer/Platforms/iPhoneOS.platform/Developer/Library/CoreSimulator/Profiles/Runtimes/iOS.simruntime/Contents/Resources/RuntimeRoot/Developer/Library/PrivateFrameworks/DTDDISupport.framework/libViewDebuggerSupport.dylib:/Applications/Xcode.app/Contents/Developer/Platforms/iPhoneSimulator.platform/Developer/Library/PrivateFrameworks/IDEBundleInjection.framework/IDEBundleInjection:/Applications/Xcode.app/Contents/Developer/Platforms/iPhoneOS.platform/Developer/Library/CoreSimulator/Profiles/Runtimes/iOS.simruntime/Contents/Resources/RuntimeRoot/usr/lib/libMainThreadChecker.dylib";
        "DYLD_LIBRARY_PATH" = "/Users/gabrielcortinas/Desktop/Xcode Examples/BackSpace/BackSpaceProject/BackSpaceChallange/DerivedData/BackSpaceChallange/Build/Products/Debug-iphonesimulator:/Users/gabrielcortinas/Desktop/Xcode Examples/BackSpace/BackSpaceProject/BackSpaceChallange/DerivedData/BackSpaceChallange/Build/Products/Debug-iphonesimulator:/Applications/Xcode.app/Contents/Developer/Platforms/iPhoneSimulator.platform/Developer/Library/Frameworks:/Applications/Xcode.app/Contents/Developer/Platforms/iPhoneOS.platform/Developer/Library/CoreSimulator/Profiles/Runtimes/iOS.simruntime/Contents/Resources/RuntimeRoot/Developer/Library/PrivateFrameworks";
        "MTC_CRASH_ON_REPORT" = 1;
        NSUnbufferedIO = YES;
        "OS_ACTIVITY_DT_MODE" = YES;
        "SQLITE_ENABLE_THREAD_ASSERTIONS" = 1;
        XCInjectBundleInto = "/Users/gabrielcortinas/Desktop/Xcode Examples/BackSpace/BackSpaceProject/BackSpaceChallange/DerivedData/BackSpaceChallange/Build/Products/Debug-iphonesimulator/BackSpaceChallange.app/BackSpaceChallange";
        "XCODE_DBG_XPC_EXCLUSIONS" = "com.apple.dt.xctestSymbolicator";
        XCTestConfigurationFilePath = "/var/folders/57/wgbgzwt95b7d7qdvn2d9ff340000gn/T/com.apple.dt.XCTest/IDETestRunSession-EE15412B-6EDC-4235-994B-1F77A7723F3E/BackSpaceChallangeTests-2D2A6EDD-E7C8-4F80-A964-EEFDD40F90D1/LaunchSessions/707AA465-8C3B-4E00-BDFC-CE35F9CF4A56/remote-container/tmp/BackSpaceChallangeTests-707AA465-8C3B-4E00-BDFC-CE35F9CF4A56.xctestconfiguration";
        "__XCODE_BUILT_PRODUCTS_DIR_PATHS" = "/Users/gabrielcortinas/Desktop/Xcode Examples/BackSpace/BackSpaceProject/BackSpaceChallange/DerivedData/BackSpaceChallange/Build/Products/Debug-iphonesimulator";
        "__XPC_DYLD_FRAMEWORK_PATH" = "/Users/gabrielcortinas/Desktop/Xcode Examples/BackSpace/BackSpaceProject/BackSpaceChallange/DerivedData/BackSpaceChallange/Build/Products/Debug-iphonesimulator";
        "__XPC_DYLD_LIBRARY_PATH" = "/Users/gabrielcortinas/Desktop/Xcode Examples/BackSpace/BackSpaceProject/BackSpaceChallange/DerivedData/BackSpaceChallange/Build/Products/Debug-iphonesimulator";
    };
    stderr = "/dev/ttys001";
    stdout = "/dev/ttys001";
    "wait_for_debugger" = 1;
}
00:17:23.586 Xcode[19349:3829427] C88FBC94-57B3-44EE-AB8B-F335396179AA: Launched app with identifier: com.MrCortinas.CorpX.BackSpaceChallange (pid = 77755)
00:17:23.586 Xcode[19349:3829427] Tracking pid 77755 for simulator <DVTiPhoneSimulator: 0x7f85fa0e2350> {
		SimDevice: iPhone 8 Plus (C88FBC94-57B3-44EE-AB8B-F335396179AA, iOS 11.4, Booted)
}
00:17:23.586 Xcode[19349:3829427] Checking to see if pid 77755 is valid: kill(pid, 0) = 0 (YES, it's still running)
00:17:23.586 Xcode[19349:3829427] Setting up DVTTaskNotifyOnProcDeath for pid 77755
00:17:23.587 Xcode[19349:1243288] Test process runnable PID is 77755.
00:17:25.273 Xcode[19349:1243288] Waiting for test process to check in..., will wait up to 120s
00:17:26.490 Xcode[19349:3829744] Handling proxy channel request from test runner
00:17:26.490 Xcode[19349:3829743] Test runner is ready, running protocol 25, requires at least version 8. Control framework is running 25 and requires at least 8
00:17:26.490 Xcode[19349:1243288] Test runner session successfully initiated.
00:17:26.490 Xcode[19349:1243288] Creating the daemon control session.
00:17:26.490 Xcode[19349:3829702] Sim iPhone 8 Plus: Unregistering for sim device notification with token 342
00:17:26.490 Xcode[19349:1243288] Whitelisting test process ID 77755
00:17:26.491 Xcode[19349:1243288] Got authorization request for pid 77755
00:17:26.491 Xcode[19349:3829702] Calling -[SimDevice getenv:error:] for TESTMANAGERD_SIM_SOCK
00:17:26.495 Xcode[19349:3829702] Sim iPhone 8 Plus has testmanagerd socket at /private/tmp/com.apple.launchd.k8YuOgdX2g/com.apple.testmanagerd.unix-domain.socket
00:17:26.495 Xcode[19349:3829702] Validating test connection socket path (/private/tmp/com.apple.launchd.k8YuOgdX2g/com.apple.testmanagerd.unix-domain.socket)
00:17:26.495 Xcode[19349:3829702] Constructing transport for test connection socket
00:17:26.495 Xcode[19349:3829702] Connected socket 176 to testmanagerd for Sim iPhone 8 Plus
00:17:26.496 Xcode[19349:3829767] Requesting authorization for pid 77755
00:17:26.706 Xcode[19349:3829744] Got reply to authorization request for pid 77755 (result:error): 25: (null)
00:17:26.706 Xcode[19349:1243288] Got whitelisting response from test daemon. Success: 1
00:17:26.706 Xcode[19349:1243288] Registering/updating daemon-based crash report observer for process names (
    XCTRunner,
    BackSpaceChallange,
    xctest
), report directories: (
    "/Users/gabrielcortinas/Library/Logs/DiagnosticReports",
    "/Library/Logs/DiagnosticReports"
).
00:16:35.150 testmanagerd[67458:3828155] XCIDESession is responsible for cleaning up its socket
00:16:35.151 testmanagerd[67458:3828155] -[XCTDaemon closeIDESession:]_block_invoke <XCIDESession: 0x7f971e710730> (socket 6) created Monday, June 4, 2018 at 12:15:07 AM Eastern Daylight Time
00:16:35.152 testmanagerd[67458:3828155] Tearing down <XCIDESession: 0x7f971e710730> (socket 6) created Monday, June 4, 2018 at 12:15:07 AM Eastern Daylight Time.
00:16:35.154 testmanagerd[67458:3828155] Control session closed, will disconnect from matching testing client.
00:16:35.154 testmanagerd[67458:3828155] Session summary: 0 test sessions, 0 sessions with identifiers, 0 unidentified sessions, does not have control sessions
00:17:20.309 testmanagerd[67458:3823630] IDE connected over socket 5 (-[XCTestManagerIDEServer listenForControlConnectionsOverNamedSocket]_block_invoke)
00:17:20.314 testmanagerd[67458:3823630] Created session with socket 5
00:17:20.316 testmanagerd[67458:3830006] Adding <XCIDESession: 0x7f971e60fa70> (socket 5) created Monday, June 4, 2018 at 12:17:20 AM Eastern Daylight Time to the set of unidentified IDE sessions
00:17:20.319 testmanagerd[67458:3823630] Handled a proxy request from the IDE with session <XCIDESession: 0x7f971e60fa70> (socket 5) created Monday, June 4, 2018 at 12:17:20 AM Eastern Daylight Time proxy <_DTXProxy: 0x7f971e714a20>
00:17:20.320 testmanagerd[67458:3505349] -[XCIDESession _IDE_initiateSessionWithIdentifier:forClient:atPath:protocolVersion:]_block_invoke 707AA465-8C3B-4E00-BDFC-CE35F9CF4A56 1 5 from client DBFD82EE-6C69-43FF-975F-0A067A093E89-19349-0000E6519C4C6A25 (/Applications/Xcode.app)
00:17:20.320 testmanagerd[67458:3505349] -[XCIDESession _IDE_initiateSessionWithIdentifier:forClient:atPath:protocolVersion:]_block_invoke 707AA465-8C3B-4E00-BDFC-CE35F9CF4A56 Replied with protocol version 25
00:17:20.322 testmanagerd[67458:3830006] -[XCTDaemon setIDESession:forIdentifier:]_block_invoke <XCIDESession: 0x7f971e60fa70> (socket 5) created Monday, June 4, 2018 at 12:17:20 AM Eastern Daylight Time for client DBFD82EE-6C69-43FF-975F-0A067A093E89-19349-0000E6519C4C6A25 waiting to pair with test session 707AA465-8C3B-4E00-BDFC-CE35F9CF4A56 -> 707AA465-8C3B-4E00-BDFC-CE35F9CF4A56
00:17:26.466 testmanagerd[67458:3830006] Received new test session connection from process with PID 77755
00:17:26.481 testmanagerd[67458:3830006] Looking up app info for pid 77755
00:17:26.483 testmanagerd[67458:3823630] Test session 707AA465-8C3B-4E00-BDFC-CE35F9CF4A56 requested transport for IDE (-[XCTestSession _XCT_requestSerializedTransportWrapperForIDESessionWithIdentifier:reply:])
00:17:26.483 testmanagerd[67458:3830336] Test session 707AA465-8C3B-4E00-BDFC-CE35F9CF4A56 requested serialized transport (-[XCTDaemon requestSerializedTransportForSessionIdentifier:reply:]_block_invoke)
00:17:26.483 testmanagerd[67458:3830336] Initiating serialized transport handoff from IDE connection to test host.
00:17:26.483 testmanagerd[67458:3830336] -[XCIDESession closeConnectionAndHandOffTransportWithCompletionHandler:] sending barrier
00:17:26.483 testmanagerd[67458:3830335] Barrier flushed. Cancelling connection. Socket will not be closed
00:17:26.483 testmanagerd[67458:3830335] DTXSocketTransport for socket 5 disconnected, owner is <XCIDESession: 0x7f971e60fa70> (socket 5) created Monday, June 4, 2018 at 12:17:20 AM Eastern Daylight Time for client DBFD82EE-6C69-43FF-975F-0A067A093E89-19349-0000E6519C4C6A25 waiting to pair with test session 707AA465-8C3B-4E00-BDFC-CE35F9CF4A56
00:17:26.483 testmanagerd[67458:3830006] -[XCTDaemon closeIDESession:]_block_invoke <XCIDESession: 0x7f971e60fa70> (socket 5) created Monday, June 4, 2018 at 12:17:20 AM Eastern Daylight Time for client DBFD82EE-6C69-43FF-975F-0A067A093E89-19349-0000E6519C4C6A25 waiting to pair with test session 707AA465-8C3B-4E00-BDFC-CE35F9CF4A56
00:17:26.484 testmanagerd[67458:3830006] Tearing down <XCIDESession: 0x7f971e60fa70> (socket 5) created Monday, June 4, 2018 at 12:17:20 AM Eastern Daylight Time for client DBFD82EE-6C69-43FF-975F-0A067A093E89-19349-0000E6519C4C6A25 waiting to pair with test session 707AA465-8C3B-4E00-BDFC-CE35F9CF4A56.
00:17:26.485 testmanagerd[67458:3830006] Session summary: 1 test sessions, 0 sessions with identifiers, 0 unidentified sessions, does not have control sessions
00:17:26.488 testmanagerd[67458:3830336] Got app info for pid 77755: {
    BKSApplicationStateAppIsFrontmost = 1;
    BKSApplicationStateExtensionKey = 0;
    SBApplicationStateDisplayIDKey = "com.MrCortinas.CorpX.BackSpaceChallange";
    SBApplicationStateKey = 8;
    SBApplicationStateProcessIDKey = 77755;
    SBApplicationStateRunningReasonsKey =     (
                {
            SBApplicationStateRunningReasonAssertionIdentifierKey = Resume;
            SBApplicationStateRunningReasonAssertionReasonKey = 10000;
        }
    );
    SBMostElevatedStateForProcessID = 8;
}
00:17:26.525 testmanagerd[67458:3830336] Got request for process assertion for pid 77755.
00:17:26.525 testmanagerd[67458:3830336] Created process assertion for pid 77755: <BKSProcessAssertion: 0x7f971e711820>, waiting for response from assertiond.
00:17:26.528 testmanagerd[67458:3830336] Starting to monitor com.MrCortinas.CorpX.BackSpaceChallange
00:17:26.576 testmanagerd[67458:3830006] IDE connected over socket 6 (-[XCTestManagerIDEServer listenForControlConnectionsOverNamedSocket]_block_invoke)
00:17:26.601 testmanagerd[67458:3830006] Created session with socket 6
00:17:26.601 testmanagerd[67458:3830006] Adding <XCIDESession: 0x7f971e715500> (socket 6) created Monday, June 4, 2018 at 12:17:26 AM Eastern Daylight Time to the set of unidentified IDE sessions
00:17:26.602 testmanagerd[67458:3830006] Handled a proxy request from the IDE with session <XCIDESession: 0x7f971e715500> (socket 6) created Monday, June 4, 2018 at 12:17:26 AM Eastern Daylight Time proxy <_DTXProxy: 0x7f971e71fd20>
00:17:26.665 testmanagerd[67458:3823630] Got application state update: com.MrCortinas.CorpX.BackSpaceChallange (77755) -> 8
00:17:26.678 testmanagerd[67458:3823630] <XCTestSession: 0x7f971e718580> -[XCTestSession applicationWithBundleID:didUpdatePID:andState:] com.MrCortinas.CorpX.BackSpaceChallange 77755 8
00:17:26.624 testmanagerd[67458:3830006] -[XCIDESession _IDE_initiateControlSessionForTestProcessID:protocolVersion:] 77755 25
00:17:26.697 testmanagerd[67458:3505349] Adding control session <XCIDESession: 0x7f971e715500> (socket 6) created Monday, June 4, 2018 at 12:17:26 AM Eastern Daylight Time with protocol version 25
00:17:26.728 testmanagerd[67458:3823630] Got reply for process assertion request, success: YES
00:17:26.728 testmanagerd[67458:3823630] Got reply for process assertion request, success: YES
00:17:26.729 testmanagerd[67458:3505349] Received request to collect crash reports in directories '/Users/gabrielcortinas/Library/Logs/DiagnosticReports', '/Library/Logs/DiagnosticReports' for processes with names 'XCTRunner', 'BackSpaceChallange', 'xctest'
00:17:26.738 Xcode[19349:1243288] Telling test runner to start executing tests.
00:17:26.730 testmanagerd[67458:3505349] Initializing crash report observer for /Users/gabrielcortinas/Library/Logs/DiagnosticReports
00:17:26.732 testmanagerd[67458:3505349] Getting files in /Users/gabrielcortinas/Library/Logs/DiagnosticReports
00:17:26.462 BackSpaceChallange[77755:3830196] Linked XCTest.framework from /Applications/Xcode.app/Contents/Developer/Platforms/iPhoneSimulator.platform/Developer/Library/Frameworks/XCTest.framework/XCTest, built with Xcode 0940(9Q1019a), modified on Thursday, May 17, 2018 at 1:35:22 AM Eastern Daylight Time
XCTest.framework bundle version: 14100
00:17:26.463 BackSpaceChallange[77755:3830196] System uptime: 3:22:13
00:17:26.463 BackSpaceChallange[77755:3830196] Process arguments: (
    "/Users/gabrielcortinas/Library/Developer/CoreSimulator/Devices/C88FBC94-57B3-44EE-AB8B-F335396179AA/data/Containers/Bundle/Application/62405AE2-CC23-49EB-9F16-8E6D494DCF5E/BackSpaceChallange.app/BackSpaceChallange",
    "-NSTreatUnknownArgumentsAsOpen",
    NO,
    "-ApplePersistenceIgnoreState",
    YES
)
00:17:26.463 BackSpaceChallange[77755:3830196] Process environment: {
    "CFFIXED_USER_HOME" = "/Users/gabrielcortinas/Library/Developer/CoreSimulator/Devices/C88FBC94-57B3-44EE-AB8B-F335396179AA/data/Containers/Data/Application/3F086379-3544-45D7-8A64-B70455A70652";
    CLASSIC = 0;
    "CUPS_SERVER" = "/private/tmp/com.apple.launchd.BM3R0FoY4T/Listeners";
    "DYLD_FALLBACK_FRAMEWORK_PATH" = "/Applications/Xcode.app/Contents/Developer/Platforms/iPhoneOS.platform/Developer/Library/CoreSimulator/Profiles/Runtimes/iOS.simruntime/Contents/Resources/RuntimeRoot/System/Library/Frameworks";
    "DYLD_FALLBACK_LIBRARY_PATH" = "/Applications/Xcode.app/Contents/Developer/Platforms/iPhoneOS.platform/Developer/Library/CoreSimulator/Profiles/Runtimes/iOS.simruntime/Contents/Resources/RuntimeRoot/usr/lib";
    "DYLD_FRAMEWORK_PATH" = "/Users/gabrielcortinas/Desktop/Xcode Examples/BackSpace/BackSpaceProject/BackSpaceChallange/DerivedData/BackSpaceChallange/Build/Products/Debug-iphonesimulator:/Users/gabrielcortinas/Desktop/Xcode Examples/BackSpace/BackSpaceProject/BackSpaceChallange/DerivedData/BackSpaceChallange/Build/Products/Debug-iphonesimulator:/Applications/Xcode.app/Contents/Developer/Platforms/iPhoneSimulator.platform/Developer/Library/Frameworks:/Applications/Xcode.app/Contents/Developer/Platforms/iPhoneOS.platform/Developer/Library/CoreSimulator/Profiles/Runtimes/iOS.simruntime/Contents/Resources/RuntimeRoot/Developer/Library/PrivateFrameworks";
    "DYLD_LIBRARY_PATH" = "/Users/gabrielcortinas/Desktop/Xcode Examples/BackSpace/BackSpaceProject/BackSpaceChallange/DerivedData/BackSpaceChallange/Build/Products/Debug-iphonesimulator:/Users/gabrielcortinas/Desktop/Xcode Examples/BackSpace/BackSpaceProject/BackSpaceChallange/DerivedData/BackSpaceChallange/Build/Products/Debug-iphonesimulator:/Applications/Xcode.app/Contents/Developer/Platforms/iPhoneSimulator.platform/Developer/Library/Frameworks:/Applications/Xcode.app/Contents/Developer/Platforms/iPhoneOS.platform/Developer/Library/CoreSimulator/Profiles/Runtimes/iOS.simruntime/Contents/Resources/RuntimeRoot/Developer/Library/PrivateFrameworks";
    "DYLD_ROOT_PATH" = "/Applications/Xcode.app/Contents/Developer/Platforms/iPhoneOS.platform/Developer/Library/CoreSimulator/Profiles/Runtimes/iOS.simruntime/Contents/Resources/RuntimeRoot";
    HOME = "/Users/gabrielcortinas/Library/Developer/CoreSimulator/Devices/C88FBC94-57B3-44EE-AB8B-F335396179AA/data/Containers/Data/Application/3F086379-3544-45D7-8A64-B70455A70652";
    "IOS_SIMULATOR_SYSLOG_SOCKET" = "/private/tmp/com.apple.CoreSimulator.SimDevice.C88FBC94-57B3-44EE-AB8B-F335396179AA/syslogsock";
    "IPHONE_SHARED_RESOURCES_DIRECTORY" = "/Users/gabrielcortinas/Library/Developer/CoreSimulator/Devices/C88FBC94-57B3-44EE-AB8B-F335396179AA/data";
    "IPHONE_SIMULATOR_ROOT" = "/Applications/Xcode.app/Contents/Developer/Platforms/iPhoneOS.platform/Developer/Library/CoreSimulator/Profiles/Runtimes/iOS.simruntime/Contents/Resources/RuntimeRoot";
    "IPHONE_TVOUT_EXTENDED_PROPERTIES" = "/Users/gabrielcortinas/Library/Developer/CoreSimulator/Devices/C88FBC94-57B3-44EE-AB8B-F335396179AA/data/Library/Application Support/Simulator/extended_display.plist";
    "MTC_CRASH_ON_REPORT" = 1;
    NSUnbufferedIO = YES;
    "OS_ACTIVITY_DT_MODE" = YES;
    PATH = "/Applications/Xcode.app/Contents/Developer/Platforms/iPhoneOS.platform/Developer/Library/CoreSimulator/Profiles/Runtimes/iOS.simruntime/Contents/Resources/RuntimeRoot/usr/bin:/Applications/Xcode.app/Contents/Developer/Platforms/iPhoneOS.platform/Developer/Library/CoreSimulator/Profiles/Runtimes/iOS.simruntime/Contents/Resources/RuntimeRoot/bin:/Applications/Xcode.app/Contents/Developer/Platforms/iPhoneOS.platform/Developer/Library/CoreSimulator/Profiles/Runtimes/iOS.simruntime/Contents/Resources/RuntimeRoot/usr/sbin:/Applications/Xcode.app/Contents/Developer/Platforms/iPhoneOS.platform/Developer/Library/CoreSimulator/Profiles/Runtimes/iOS.simruntime/Contents/Resources/RuntimeRoot/sbin:/Applications/Xcode.app/Contents/Developer/Platforms/iPhoneOS.platform/Developer/Library/CoreSimulator/Profiles/Runtimes/iOS.simruntime/Contents/Resources/RuntimeRoot/usr/local/bin";
    "RWI_LISTEN_SOCKET" = "/private/tmp/com.apple.launchd.1MsI6rurTv/com.apple.webinspectord_sim.socket";
    "SIMULATOR_AUDIO_DEVICES_PLIST_PATH" = "/Users/gabrielcortinas/Library/Developer/CoreSimulator/Devices/C88FBC94-57B3-44EE-AB8B-F335396179AA/data/var/run/com.apple.coresimulator.audio.plist";
    "SIMULATOR_AUDIO_SETTINGS_PATH" = "/Users/gabrielcortinas/Library/Developer/CoreSimulator/Devices/C88FBC94-57B3-44EE-AB8B-F335396179AA/data/var/run/simulatoraudio/audiosettings.plist";
    "SIMULATOR_BOOT_TIME" = 1528073713;
    "SIMULATOR_CAPABILITIES" = "/Applications/Xcode.app/Contents/Developer/Platforms/iPhoneOS.platform/Developer/Library/CoreSimulator/Profiles/DeviceTypes/iPhone 8 Plus.simdevicetype/Contents/Resources/capabilities.plist";
    "SIMULATOR_DEVICE_NAME" = "iPhone 8 Plus";
    "SIMULATOR_EXTENDED_DISPLAY_PROPERTIES" = "/Users/gabrielcortinas/Library/Developer/CoreSimulator/Devices/C88FBC94-57B3-44EE-AB8B-F335396179AA/data/Library/Application Support/Simulator/extended_display.plist";
    "SIMULATOR_HID_SYSTEM_MANAGER" = "/Library/Developer/PrivateFrameworks/CoreSimulator.framework/Resources/Platforms/iphoneos/Library/Frameworks/SimulatorHID.framework";
    "SIMULATOR_HOST_HOME" = "/Users/gabrielcortinas";
    "SIMULATOR_LEGACY_ASSET_SUFFIX" = iphone;
    "SIMULATOR_LOG_ROOT" = "/Users/gabrielcortinas/Library/Logs/CoreSimulator/C88FBC94-57B3-44EE-AB8B-F335396179AA";
    "SIMULATOR_MAINSCREEN_HEIGHT" = 2208;
    "SIMULATOR_MAINSCREEN_PITCH" = "461.000000";
    "SIMULATOR_MAINSCREEN_SCALE" = "3.000000";
    "SIMULATOR_MAINSCREEN_WIDTH" = 1242;
    "SIMULATOR_MEMORY_WARNINGS" = "/Users/gabrielcortinas/Library/Developer/CoreSimulator/Devices/C88FBC94-57B3-44EE-AB8B-F335396179AA/data/var/run/memory_warning_simulation";
    "SIMULATOR_MODEL_IDENTIFIER" = "iPhone10,5";
    "SIMULATOR_PRODUCT_CLASS" = D21;
    "SIMULATOR_ROOT" = "/Applications/Xcode.app/Contents/Developer/Platforms/iPhoneOS.platform/Developer/Library/CoreSimulator/Profiles/Runtimes/iOS.simruntime/Contents/Resources/RuntimeRoot";
    "SIMULATOR_RUNTIME_BUILD_VERSION" = 15F79;
    "SIMULATOR_RUNTIME_VERSION" = "11.4";
    "SIMULATOR_SHARED_RESOURCES_DIRECTORY" = "/Users/gabrielcortinas/Library/Developer/CoreSimulator/Devices/C88FBC94-57B3-44EE-AB8B-F335396179AA/data";
    "SIMULATOR_UDID" = "C88FBC94-57B3-44EE-AB8B-F335396179AA";
    "SIMULATOR_VERSION_INFO" = "CoreSimulator 518.22 - Device: iPhone 8 Plus - Runtime: iOS 11.4 (15F79) - DeviceType: iPhone 8 Plus";
    "SQLITE_ENABLE_THREAD_ASSERTIONS" = 1;
    "TESTMANAGERD_SIM_SOCK" = "/private/tmp/com.apple.launchd.k8YuOgdX2g/com.apple.testmanagerd.unix-domain.socket";
    TMPDIR = "/Users/gabrielcortinas/Library/Developer/CoreSimulator/Devices/C88FBC94-57B3-44EE-AB8B-F335396179AA/data/Containers/Data/Application/3F086379-3544-45D7-8A64-B70455A70652/tmp";
    XCInjectBundleInto = "/Users/gabrielcortinas/Desktop/Xcode Examples/BackSpace/BackSpaceProject/BackSpaceChallange/DerivedData/BackSpaceChallange/Build/Products/Debug-iphonesimulator/BackSpaceChallange.app/BackSpaceChallange";
    "XCODE_DBG_XPC_EXCLUSIONS" = "com.apple.dt.xctestSymbolicator";
    XCTestConfigurationFilePath = "/var/folders/57/wgbgzwt95b7d7qdvn2d9ff340000gn/T/com.apple.dt.XCTest/IDETestRunSession-EE15412B-6EDC-4235-994B-1F77A7723F3E/BackSpaceChallangeTests-2D2A6EDD-E7C8-4F80-A964-EEFDD40F90D1/LaunchSessions/707AA465-8C3B-4E00-BDFC-CE35F9CF4A56/remote-container/tmp/BackSpaceChallangeTests-707AA465-8C3B-4E00-BDFC-CE35F9CF4A56.xctestconfiguration";
    "XPC_FLAGS" = 0x0;
    "XPC_SERVICE_NAME" = "UIKitApplication:com.MrCortinas.CorpX.BackSpaceChallange[0x7819][67298]";
    "XPC_SIMULATOR_LAUNCHD_NAME" = "com.apple.CoreSimulator.SimDevice.C88FBC94-57B3-44EE-AB8B-F335396179AA";
    "__XCODE_BUILT_PRODUCTS_DIR_PATHS" = "/Users/gabrielcortinas/Desktop/Xcode Examples/BackSpace/BackSpaceProject/BackSpaceChallange/DerivedData/BackSpaceChallange/Build/Products/Debug-iphonesimulator";
    "__XPC_DYLD_FRAMEWORK_PATH" = "/Users/gabrielcortinas/Desktop/Xcode Examples/BackSpace/BackSpaceProject/BackSpaceChallange/DerivedData/BackSpaceChallange/Build/Products/Debug-iphonesimulator";
    "__XPC_DYLD_LIBRARY_PATH" = "/Users/gabrielcortinas/Desktop/Xcode Examples/BackSpace/BackSpaceProject/BackSpaceChallange/DerivedData/BackSpaceChallange/Build/Products/Debug-iphonesimulator";
}
00:17:26.464 BackSpaceChallange[77755:3830196] App Sandbox active: NO
00:17:26.464 BackSpaceChallange[77755:3830196] Loading test bundle at: file:///Users/gabrielcortinas/Desktop/Xcode%20Examples/BackSpace/BackSpaceProject/BackSpaceChallange/DerivedData/BackSpaceChallange/Build/Products/Debug-iphonesimulator/BackSpaceChallange.app/PlugIns/BackSpaceChallangeTests.xctest/
00:17:26.464 BackSpaceChallange[77755:3830196] Finished loading test bundle
00:17:26.464 BackSpaceChallange[77755:3830196] Readying IDE session
00:17:26.465 BackSpaceChallange[77755:3830196] Creating future for 'Exchange protocol versions with daemon' with timeout 15.00
00:17:26.466 BackSpaceChallange[77755:3830196] <XCTWaiter: 0x600000208440, state: XCTWaiterStateInProgress> entering wait loop for 15.00s with expectations: (
    "Exchange protocol versions with daemon"
)
00:17:26.482 BackSpaceChallange[77755:3830334] <XCTWaiter: 0x600000208440, state: XCTWaiterStateSucceeded>: cancelWaiting
00:17:26.482 BackSpaceChallange[77755:3830196] <XCTWaiter: 0x600000208440, state: XCTWaiterStateSucceeded> done waiting
00:17:26.482 BackSpaceChallange[77755:3830196] <XCTWaiter: 0x600000208440, state: XCTWaiterStateSucceeded> cleaning up Exchange protocol versions with daemon
00:17:26.482 BackSpaceChallange[77755:3830196] Got daemon protocol version 22
00:17:26.483 BackSpaceChallange[77755:3830196] Requesting IDE connection transport
00:17:26.483 BackSpaceChallange[77755:3830196] <XCTWaiter: 0x600000208ee0, state: XCTWaiterStateInProgress> entering wait loop for 60.00s with expectations: (
    "Transport for IDE session acquired"
)
00:17:26.483 BackSpaceChallange[77755:3830334] Creating transport with received transport data
00:17:26.484 BackSpaceChallange[77755:3830310] <XCTWaiter: 0x600000208ee0, state: XCTWaiterStateSucceeded>: cancelWaiting
00:17:26.484 BackSpaceChallange[77755:3830196] <XCTWaiter: 0x600000208ee0, state: XCTWaiterStateSucceeded> done waiting
00:17:26.485 BackSpaceChallange[77755:3830196] <XCTWaiter: 0x600000208ee0, state: XCTWaiterStateSucceeded> cleaning up Transport for IDE session acquired
00:17:26.486 BackSpaceChallange[77755:3830196] Creating connection with transport <DTXFileDescriptorTransport: 0x6000016e2c00>
00:17:26.488 BackSpaceChallange[77755:3830196] Creating the proxy channel with connection <DTXConnection 0x6000001fdd00 : x1>
00:17:26.489 BackSpaceChallange[77755:3830196] Creating future for 'IDE session ready for test plan' with timeout 60.00
00:17:26.489 BackSpaceChallange[77755:3830196] Messaging IDE proxy - _XCT_testBundleReadyWithProtocolVersion:25 minimumVersion:8
00:17:26.490 BackSpaceChallange[77755:3830196] <XCTWaiter: 0x600000208c50, state: XCTWaiterStateInProgress> entering wait loop for 60.00s with expectations: (
    "IDE session ready for test plan"
)
00:17:26.492 BackSpaceChallange[77755:3830310] _XCT_testBundleReadyWithProtocolVersion:minimumVersion: reply received
00:17:26.738 BackSpaceChallange[77755:3830311] _IDE_startExecutingTestPlanWithProtocolVersion:25
00:17:26.739 BackSpaceChallange[77755:3830334] <XCTWaiter: 0x600000208c50, state: XCTWaiterStateSucceeded>: cancelWaiting
00:17:26.739 BackSpaceChallange[77755:3830196] <XCTWaiter: 0x600000208c50, state: XCTWaiterStateSucceeded> done waiting
00:17:26.739 BackSpaceChallange[77755:3830196] <XCTWaiter: 0x600000208c50, state: XCTWaiterStateSucceeded> cleaning up IDE session ready for test plan
00:17:26.745 Xcode[19349:1243288] Starting test plan, clearing initialization timeout timer.
00:17:26.743 BackSpaceChallange[77755:3830196] Loading test suite...
00:17:26.732 testmanagerd[67458:3505349] Found 3 files in /Users/gabrielcortinas/Library/Logs/DiagnosticReports
00:17:26.732 testmanagerd[67458:3505349] Started monitoring /Users/gabrielcortinas/Library/Logs/DiagnosticReports
00:17:26.733 testmanagerd[67458:3505349] Initializing crash report observer for /Library/Logs/DiagnosticReports
00:17:26.733 testmanagerd[67458:3505349] Getting files in /Library/Logs/DiagnosticReports
00:17:26.734 testmanagerd[67458:3505349] Found 177 files in /Library/Logs/DiagnosticReports
00:17:26.734 testmanagerd[67458:3505349] Started monitoring /Library/Logs/DiagnosticReports
00:17:26.803 BackSpaceChallange[77755:3830196] Finished loading test suite, took 0.060s
00:17:26.806 Xcode[19349:1243288] <IDETestOperationCoordinator: 0x7f85d33260f0>: parseConsoleOutputFromOriginalOutput: called, 58 bytes written out to StandardOutputAndStandardError
Test Suite 'All tests' started at 2018-06-04 00:17:26.803
Test Suite 'BackSpaceChallangeTests.xctest' started at 2018-06-04 00:17:26.804
Test Suite 'BackSpaceChallangeTests' started at 2018-06-04 00:17:26.804
00:17:26.806 Xcode[19349:1243288] <IDETestOperationCoordinator: 0x7f85d33260f0>: parseConsoleOutputFromOriginalOutput: called, 235 bytes written out to StandardOutputAndStandardError
00:17:26.803 BackSpaceChallange[77755:3830196] -[XCTRunnerIDESession testBundleWillStart:]
00:17:26.803 BackSpaceChallange[77755:3830196] Running suite...
00:17:26.803 BackSpaceChallange[77755:3830196] -[XCTRunnerIDESession testSuiteWillStart:]
00:17:26.807 Xcode[19349:1243288] _XCT_testSuite:All tests didStartAt:2018-06-04 04:17:26 +0000
00:17:26.876 Xcode[19349:3829764] (LOG ARBITER) Rotating message buffer with 17 messages.
00:17:30.357 Xcode[19349:3829403] (LOG ARBITER) Rotating message buffer with 3 messages.
00:17:32.848 Xcode[19349:3829764] (LOG ARBITER) Rotating message buffer with 2 messages.
00:17:41.850 Xcode[19349:3829702] (LOG ARBITER) Rotating message buffer with 12 messages.
00:17:44.807 Xcode[19349:3829403] (LOG ARBITER) Rotating message buffer with 11 messages.
00:17:47.816 Xcode[19349:3829764] (LOG ARBITER) Rotating message buffer with 11 messages.
00:17:26.804 BackSpaceChallange[77755:3830196] -[XCTRunnerIDESession testSuiteWillStart:]
00:17:26.807 Xcode[19349:1243288] _XCT_testSuite:BackSpaceChallangeTests.xctest didStartAt:2018-06-04 04:17:26 +0000
00:17:26.804 BackSpaceChallange[77755:3830196] -[XCTRunnerIDESession testSuiteWillStart:]
00:17:26.807 Xcode[19349:1243288] _XCT_testSuite:BackSpaceChallangeTests didStartAt:2018-06-04 04:17:26 +0000
00:17:26.804 BackSpaceChallange[77755:3830196] -[XCTRunnerIDESession testCaseWillStart:] BackSpaceChallangeTests.BackSpaceChallangeTests testExample
00:17:26.807 Xcode[19349:1243288] _XCT_testCaseDidStartForTestClass:BackSpaceChallangeTests.BackSpaceChallangeTests method:testExample
00:17:26.806 BackSpaceChallange[77755:3830196] <XCTWaiter: 0x6000002093b0, state: XCTWaiterStateInProgress> entering wait loop for 10.00s with expectations: (
    "Download apple.com home page"
)
Test Case '-[BackSpaceChallangeTests.BackSpaceChallangeTests testExample]' started.
00:17:26.810 Xcode[19349:1243288] <IDETestOperationCoordinator: 0x7f85d33260f0>: parseConsoleOutputFromOriginalOutput: called, 312 bytes written out to StandardOutputAndStandardError
00:17:26.810 BackSpaceChallange[77755:3830196] -[XCTRunnerIDESession testCase:didFailWithDescription:inFile:atLine:]
00:17:26.817 Xcode[19349:1243288] _XCT_testCaseDidFailForTestClass:BackSpaceChallangeTests.BackSpaceChallangeTests method:testExample withMessage:XCTAssertNil failed: "["A", "B", "C", "D", "E", "F", "G", "X", "Y", "Z"]" - there no data file:/Users/gabrielcortinas/Desktop/Xcode Examples/BackSpace/BackSpaceProject/BackSpaceChallange/BackSpaceChallangeTests/BackSpaceChallangeTests.swift line:52
00:17:26.810 BackSpaceChallange[77755:3830196] -[BackSpaceChallangeTests testExample] started activity <XCActivityRecord: 0x604000684b00> 2018-06-04 04:17:26 +0000: Assertion Failure: BackSpaceChallangeTests.swift:52: XCTAssertNil failed: "["A", "B", "C", "D", "E", "F", "G", "X", "Y", "Z"]" - there no data
00:17:26.817 Xcode[19349:1243288] -[BackSpaceChallangeTests.BackSpaceChallangeTests testExample] will start activity 8DF3890D-5F63-4F39-9D1E-0E55C28E3019:'Assertion Failure: BackSpaceChallangeTests.swift:52: XCTAssertNil failed: "["A", "B", "C", "D", "E", "F", "G", "X", "Y", "Z"]" - there no data'
00:17:26.811 BackSpaceChallange[77755:3830196] -[BackSpaceChallangeTests testExample] finished activity <XCActivityRecord: 0x604000684b00> 2018-06-04 04:17:26 +0000: Assertion Failure: BackSpaceChallangeTests.swift:52: XCTAssertNil failed: "["A", "B", "C", "D", "E", "F", "G", "X", "Y", "Z"]" - there no data (0.000534058s)
00:17:26.817 Xcode[19349:1243288] -[BackSpaceChallangeTests.BackSpaceChallangeTests testExample] did finish activity 8DF3890D-5F63-4F39-9D1E-0E55C28E3019:'Assertion Failure: BackSpaceChallangeTests.swift:52: XCTAssertNil failed: "["A", "B", "C", "D", "E", "F", "G", "X", "Y", "Z"]" - there no data'
00:17:26.811 BackSpaceChallange[77755:3830196] <XCTWaiter: 0x6000002093b0, state: XCTWaiterStateSucceeded> done waiting
00:17:26.811 BackSpaceChallange[77755:3830310] <XCTWaiter: 0x6000002093b0, state: XCTWaiterStateSucceeded>: cancelWaiting
/Users/gabrielcortinas/Desktop/Xcode Examples/BackSpace/BackSpaceProject/BackSpaceChallange/BackSpaceChallangeTests/BackSpaceChallangeTests.swift:52: error: -[BackSpaceChallangeTests.BackSpaceChallangeTests testExample] : XCTAssertNil failed: "["A", "B", "C", "D", "E", "F", "G", "X", "Y", "Z"]" - there no data
00:17:26.918 Xcode[19349:1243288] <IDETestOperationCoordinator: 0x7f85d33260f0>: parseConsoleOutputFromOriginalOutput: called, 0 bytes written out to StandardOutputAndStandardError
00:17:26.929 Xcode[19349:1243288] Clearing timeout timer while paused in the debugger. Timeout conditions may not be detected during this session.
00:17:26.811 BackSpaceChallange[77755:3830196] <XCTWaiter: 0x6000002093b0, state: XCTWaiterStateSucceeded> cleaning up Download apple.com home page
00:17:31.489 Xcode[19349:1243288] Clearing timeout timer while paused in the debugger. Timeout conditions may not be detected during this session.
00:17:39.112 Xcode[19349:1243288] <IDETestOperationCoordinator: 0x7f85d33260f0>: parseConsoleOutputFromOriginalOutput: called, 465 bytes written out to StandardOutputAndStandardError
00:17:39.113 Xcode[19349:1243288] _XCT_testCaseDidFailForTestClass:BackSpaceChallangeTests.BackSpaceChallangeTests method:testExample withMessage:XCTAssertNil failed: "[BackSpaceChallangeTests.cityInformation(fullName: "Zest, XX", country: "XX", name: "Zest", id: 10, location: __C.CLLocationCoordinate2D(latitude: 444.16667999999999, longitude: 337.33334000000002))]" - no info available file:/Users/gabrielcortinas/Desktop/Xcode Examples/BackSpace/BackSpaceProject/BackSpaceChallange/BackSpaceChallangeTests/BackSpaceChallangeTests.swift line:57
00:17:39.092 BackSpaceChallange[77755:3830196] -[XCTRunnerIDESession testCase:didFailWithDescription:inFile:atLine:]
00:17:39.113 Xcode[19349:1243288] -[BackSpaceChallangeTests.BackSpaceChallangeTests testExample] will start activity 94D79850-2DD7-4CFF-B6AD-362F8F655768:'Assertion Failure: BackSpaceChallangeTests.swift:57: XCTAssertNil failed: "[BackSpaceChallangeTests.cityInformation(fullName: "Zest, XX", country: "XX", name: "Zest", id: 10, location: __C.CLLocationCoordinate2D(latitude: 444.16667999999999, longitude: 337.33334000000002))]" - no info available'
00:17:39.092 BackSpaceChallange[77755:3830196] -[BackSpaceChallangeTests testExample] started activity <XCActivityRecord: 0x604000684e70> 2018-06-04 04:17:39 +0000: Assertion Failure: BackSpaceChallangeTests.swift:57: XCTAssertNil failed: "[BackSpaceChallangeTests.cityInformation(fullName: "Zest, XX", country: "XX", name: "Zest", id: 10, location: __C.CLLocationCoordinate2D(latitude: 444.16667999999999, longitude: 337.33334000000002))]" - no info available
00:17:39.113 Xcode[19349:1243288] -[BackSpaceChallangeTests.BackSpaceChallangeTests testExample] did finish activity 94D79850-2DD7-4CFF-B6AD-362F8F655768:'Assertion Failure: BackSpaceChallangeTests.swift:57: XCTAssertNil failed: "[BackSpaceChallangeTests.cityInformation(fullName: "Zest, XX", country: "XX", name: "Zest", id: 10, location: __C.CLLocationCoordinate2D(latitude: 444.16667999999999, longitude: 337.33334000000002))]" - no info available'
00:17:39.093 BackSpaceChallange[77755:3830196] -[BackSpaceChallangeTests testExample] finished activity <XCActivityRecord: 0x604000684e70> 2018-06-04 04:17:39 +0000: Assertion Failure: BackSpaceChallangeTests.swift:57: XCTAssertNil failed: "[BackSpaceChallangeTests.cityInformation(fullName: "Zest, XX", country: "XX", name: "Zest", id: 10, location: __C.CLLocationCoordinate2D(latitude: 444.16667999999999, longitude: 337.33334000000002))]" - no info available (0.000459909s)
00:17:39.231 Xcode[19349:1243288] Clearing timeout timer while paused in the debugger. Timeout conditions may not be detected during this session.
/Users/gabrielcortinas/Desktop/Xcode Examples/BackSpace/BackSpaceProject/BackSpaceChallange/BackSpaceChallangeTests/BackSpaceChallangeTests.swift:57: error: -[BackSpaceChallangeTests.BackSpaceChallangeTests testExample] : XCTAssertNil failed: "[BackSpaceChallangeTests.cityInformation(fullName: "Zest, XX", country: "XX", name: "Zest", id: 10, location: __C.CLLocationCoordinate2D(latitude: 444.16667999999999, longitude: 337.33334000000002))]" - no info available
00:17:39.283 Xcode[19349:1243288] <IDETestOperationCoordinator: 0x7f85d33260f0>: parseConsoleOutputFromOriginalOutput: called, 0 bytes written out to StandardOutputAndStandardError
00:17:39.910 Xcode[19349:1243288] Clearing timeout timer while paused in the debugger. Timeout conditions may not be detected during this session.
00:17:41.142 Xcode[19349:1243288] Clearing timeout timer while paused in the debugger. Timeout conditions may not be detected during this session.
00:17:42.008 Xcode[19349:1243288] Clearing timeout timer while paused in the debugger. Timeout conditions may not be detected during this session.
00:17:43.464 Xcode[19349:1243288] <IDETestOperationCoordinator: 0x7f85d33260f0>: parseConsoleOutputFromOriginalOutput: called, 275 bytes written out to StandardOutputAndStandardError
00:17:43.464 Xcode[19349:1243288] _XCT_testCaseDidFailForTestClass:BackSpaceChallangeTests.BackSpaceChallangeTests method:testExample withMessage:XCTAssertTrue failed - No info this need to be Empty file:/Users/gabrielcortinas/Desktop/Xcode Examples/BackSpace/BackSpaceProject/BackSpaceChallange/BackSpaceChallangeTests/BackSpaceChallangeTests.swift line:67
00:17:43.464 Xcode[19349:1243288] -[BackSpaceChallangeTests.BackSpaceChallangeTests testExample] will start activity 3147CFDC-C154-4B6E-8900-28F0074C48F6:'Assertion Failure: BackSpaceChallangeTests.swift:67: XCTAssertTrue failed - No info this need to be Empty'
00:17:43.465 Xcode[19349:1243288] -[BackSpaceChallangeTests.BackSpaceChallangeTests testExample] did finish activity 3147CFDC-C154-4B6E-8900-28F0074C48F6:'Assertion Failure: BackSpaceChallangeTests.swift:67: XCTAssertTrue failed - No info this need to be Empty'
00:17:43.442 BackSpaceChallange[77755:3830196] -[XCTRunnerIDESession testCase:didFailWithDescription:inFile:atLine:]
00:17:43.443 BackSpaceChallange[77755:3830196] -[BackSpaceChallangeTests testExample] started activity <XCActivityRecord: 0x600000480f00> 2018-06-04 04:17:43 +0000: Assertion Failure: BackSpaceChallangeTests.swift:67: XCTAssertTrue failed - No info this need to be Empty
00:17:43.443 BackSpaceChallange[77755:3830196] -[BackSpaceChallangeTests testExample] finished activity <XCActivityRecord: 0x600000480f00> 2018-06-04 04:17:43 +0000: Assertion Failure: BackSpaceChallangeTests.swift:67: XCTAssertTrue failed - No info this need to be Empty (0.00049305s)
00:17:43.572 Xcode[19349:1243288] Clearing timeout timer while paused in the debugger. Timeout conditions may not be detected during this session.
/Users/gabrielcortinas/Desktop/Xcode Examples/BackSpace/BackSpaceProject/BackSpaceChallange/BackSpaceChallangeTests/BackSpaceChallangeTests.swift:67: error: -[BackSpaceChallangeTests.BackSpaceChallangeTests testExample] : XCTAssertTrue failed - No info this need to be Empty
00:17:43.606 Xcode[19349:1243288] <IDETestOperationCoordinator: 0x7f85d33260f0>: parseConsoleOutputFromOriginalOutput: called, 0 bytes written out to StandardOutputAndStandardError
00:17:46.080 Xcode[19349:1243288] <IDETestOperationCoordinator: 0x7f85d33260f0>: parseConsoleOutputFromOriginalOutput: called, 263 bytes written out to StandardOutputAndStandardError
00:17:46.080 Xcode[19349:1243288] _XCT_testCaseDidFailForTestClass:BackSpaceChallangeTests.BackSpaceChallangeTests method:testExample withMessage:XCTAssertTrue failed - No data available file:/Users/gabrielcortinas/Desktop/Xcode Examples/BackSpace/BackSpaceProject/BackSpaceChallange/BackSpaceChallangeTests/BackSpaceChallangeTests.swift line:68
00:17:46.077 BackSpaceChallange[77755:3830196] -[XCTRunnerIDESession testCase:didFailWithDescription:inFile:atLine:]
00:17:46.080 Xcode[19349:1243288] -[BackSpaceChallangeTests.BackSpaceChallangeTests testExample] will start activity BAD72570-6179-4290-B561-4C3188A96745:'Assertion Failure: BackSpaceChallangeTests.swift:68: XCTAssertTrue failed - No data available'
00:17:46.078 BackSpaceChallange[77755:3830196] -[BackSpaceChallangeTests testExample] started activity <XCActivityRecord: 0x6040006855a0> 2018-06-04 04:17:46 +0000: Assertion Failure: BackSpaceChallangeTests.swift:68: XCTAssertTrue failed - No data available
00:17:46.078 BackSpaceChallange[77755:3830196] -[BackSpaceChallangeTests testExample] finished activity <XCActivityRecord: 0x6040006855a0> 2018-06-04 04:17:46 +0000: Assertion Failure: BackSpaceChallangeTests.swift:68: XCTAssertTrue failed - No data available (0.000449061s)
00:17:46.080 Xcode[19349:1243288] -[BackSpaceChallangeTests.BackSpaceChallangeTests testExample] did finish activity BAD72570-6179-4290-B561-4C3188A96745:'Assertion Failure: BackSpaceChallangeTests.swift:68: XCTAssertTrue failed - No data available'
00:17:46.234 Xcode[19349:1243288] Clearing timeout timer while paused in the debugger. Timeout conditions may not be detected during this session.
/Users/gabrielcortinas/Desktop/Xcode Examples/BackSpace/BackSpaceProject/BackSpaceChallange/BackSpaceChallangeTests/BackSpaceChallangeTests.swift:68: error: -[BackSpaceChallangeTests.BackSpaceChallangeTests testExample] : XCTAssertTrue failed - No data available
00:17:46.269 Xcode[19349:1243288] <IDETestOperationCoordinator: 0x7f85d33260f0>: parseConsoleOutputFromOriginalOutput: called, 0 bytes written out to StandardOutputAndStandardError
00:17:47.793 Xcode[19349:1243288] Clearing timeout timer while paused in the debugger. Timeout conditions may not be detected during this session.
00:17:53.674 Xcode[19349:1243288] <IDETestOperationCoordinator: 0x7f85d33260f0>: parseConsoleOutputFromOriginalOutput: called, 268 bytes written out to StandardOutputAndStandardError
00:17:53.673 BackSpaceChallange[77755:3830196] -[XCTRunnerIDESession testCase:didFailWithDescription:inFile:atLine:]
00:17:53.682 Xcode[19349:1243288] _XCT_testCaseDidFailForTestClass:BackSpaceChallangeTests.BackSpaceChallangeTests method:testExample withMessage:XCTAssertTrue failed - we have valid location file:/Users/gabrielcortinas/Desktop/Xcode Examples/BackSpace/BackSpaceProject/BackSpaceChallange/BackSpaceChallangeTests/BackSpaceChallangeTests.swift line:74
00:17:53.674 BackSpaceChallange[77755:3830196] -[BackSpaceChallangeTests testExample] started activity <XCActivityRecord: 0x600000481220> 2018-06-04 04:17:53 +0000: Assertion Failure: BackSpaceChallangeTests.swift:74: XCTAssertTrue failed - we have valid location
00:17:53.682 Xcode[19349:1243288] -[BackSpaceChallangeTests.BackSpaceChallangeTests testExample] will start activity 817797B4-8655-4596-925A-9F15FE48F829:'Assertion Failure: BackSpaceChallangeTests.swift:74: XCTAssertTrue failed - we have valid location'
00:17:53.675 BackSpaceChallange[77755:3830196] -[BackSpaceChallangeTests testExample] finished activity <XCActivityRecord: 0x600000481220> 2018-06-04 04:17:53 +0000: Assertion Failure: BackSpaceChallangeTests.swift:74: XCTAssertTrue failed - we have valid location (0.000563979s)
00:17:53.682 Xcode[19349:1243288] -[BackSpaceChallangeTests.BackSpaceChallangeTests testExample] did finish activity 817797B4-8655-4596-925A-9F15FE48F829:'Assertion Failure: BackSpaceChallangeTests.swift:74: XCTAssertTrue failed - we have valid location'
00:17:53.675 BackSpaceChallange[77755:3830196] -[XCTRunnerIDESession testCaseDidFinish:]
00:17:53.683 Xcode[19349:1243288] _XCT_testCaseDidFinishForTestClass:BackSpaceChallangeTests.BackSpaceChallangeTests method:testExample withStatus:failed duration:26.87091791629791
00:17:53.919 Xcode[19349:3830339] (LOG ARBITER) Rotating message buffer with 5 messages.
00:17:54.012 Xcode[19349:3830680] (LOG ARBITER) Dumping buffered message data; 5 messages.
00:17:54.012 Xcode[19349:3830680] (LOG ARBITER) Dumping buffered message data; 0 messages.
00:17:54.054 Xcode[19349:3829702] (LOG ARBITER) Dumping buffered message data; 0 messages.
00:17:54.055 Xcode[19349:3829702] (LOG ARBITER) Dumping buffered message data; 0 messages.
Test Case '-[BackSpaceChallangeTests.BackSpaceChallangeTests testPerformanceExample]' started.
00:17:53.963 Xcode[19349:1243288] <IDETestOperationCoordinator: 0x7f85d33260f0>: parseConsoleOutputFromOriginalOutput: called, 0 bytes written out to StandardOutputAndStandardError
00:17:54.011 Xcode[19349:1243288] <IDETestOperationCoordinator: 0x7f85d33260f0>: parseConsoleOutputFromOriginalOutput: called, 656 bytes written out to StandardOutputAndStandardError
/Users/gabrielcortinas/Desktop/Xcode Examples/BackSpace/BackSpaceProject/BackSpaceChallange/BackSpaceChallangeTests/BackSpaceChallangeTests.swift:79: Test Case '-[BackSpaceChallangeTests.BackSpaceChallangeTests testPerformanceExample]' measured [Time, seconds] average: 0.000, relative standard deviation: 157.898%, values: [0.000008, 0.000001, 0.000001, 0.000001, 0.000001, 0.000000, 0.000000, 0.000001, 0.000000, 0.000001], performanceMetricID:com.apple.XCTPerformanceMetric_WallClockTime, baselineName: "", baselineAverage: , maxPercentRegression: 10.000%, maxPercentRelativeStandardDeviation: 10.000%, maxRegression: 0.100, maxStandardDeviation: 0.100
Test Case '-[BackSpaceChallangeTests.BackSpaceChallangeTests testPerformanceExample]' passed (0.289 seconds).
Test Suite 'BackSpaceChallangeTests' failed at 2018-06-04 00:17:53.965.
	 Executed 2 tests, with 5 failures (0 unexpected) in 27.160 (27.161) seconds
Test Suite 'TestBadData' started at 2018-06-04 00:17:53.966
Test Case '-[BackSpaceChallangeTests.TestBadData testBadDataAvailable]' started.
Test Case '-[BackSpaceChallangeTests.TestBadData testBadDataAvailable]' passed (0.002 seconds).
Test Suite 'TestBadData' passed at 2018-06-04 00:17:53.969.
	 Executed 1 test, with 0 failures (0 unexpected) in 0.002 (0.003) seconds
Test Suite 'TestNoData' started at 2018-06-04 00:17:53.970
00:17:54.011 Xcode[19349:1243288] <IDETestOperationCoordinator: 0x7f85d33260f0>: parseConsoleOutputFromOriginalOutput: called, 770 bytes written out to StandardOutputAndStandardError
00:17:53.964 BackSpaceChallange[77755:3830196] -[XCTRunnerIDESession _testCase:didMeasureValues:forPerformanceMetricID:name:unitsOfMeasurement:baselineName:baselineAverage:maxPercentRegression:maxPercentRelativeStandardDeviation:maxRegression:maxStandardDeviation:file:line:]
00:17:54.012 Xcode[19349:1243288] -[XCTTestRunnerSession _XCT_testMethod:ofClass:didMeasureMetric:file:line:]_block_invoke
00:17:54.012 Xcode[19349:1243288] _XCT_testCaseDidFinishForTestClass:BackSpaceChallangeTests.BackSpaceChallangeTests method:testPerformanceExample withStatus:passed duration:0.2893459796905518
00:17:53.965 BackSpaceChallange[77755:3830196] -[XCTRunnerIDESession testCaseDidFinish:]
00:17:53.966 BackSpaceChallange[77755:3830196] -[XCTRunnerIDESession testSuiteDidFinish:]
00:17:54.012 Xcode[19349:1243288] _XCT_testSuite:BackSpaceChallangeTests didFinishAt:2018-06-04 04:17:53 +0000 runCount:2 withFailures:5 unexpected:0 testDuration:27.16026389598846 totalDuration:27.16136300563812
00:17:53.966 BackSpaceChallange[77755:3830196] Activity statistics for BackSpaceChallangeTests:
00:17:53.966 BackSpaceChallange[77755:3830196] 0.00s : Other
00:17:54.012 Xcode[19349:1243288] _XCT_testSuite:TestBadData didStartAt:2018-06-04 04:17:53 +0000
00:17:53.966 BackSpaceChallange[77755:3830196] Total time in activities: 0.00s
00:17:53.966 BackSpaceChallange[77755:3830196] -[XCTRunnerIDESession testSuiteWillStart:]
00:17:54.012 Xcode[19349:1243288] _XCT_testCaseDidStartForTestClass:BackSpaceChallangeTests.TestBadData method:testBadDataAvailable
00:17:53.966 BackSpaceChallange[77755:3830196] -[XCTRunnerIDESession testCaseWillStart:] BackSpaceChallangeTests.TestBadData testBadDataAvailable
00:17:53.967 BackSpaceChallange[77755:3830196] <XCTWaiter: 0x60000020a1c0, state: XCTWaiterStateInProgress> entering wait loop for 10.00s with expectations: (
    "malformed json file"
)
00:17:53.968 BackSpaceChallange[77755:3830787] <XCTWaiter: 0x60000020a1c0, state: XCTWaiterStateSucceeded>: cancelWaiting
00:17:53.968 BackSpaceChallange[77755:3830196] <XCTWaiter: 0x60000020a1c0, state: XCTWaiterStateSucceeded> done waiting
00:17:54.012 Xcode[19349:1243288] _XCT_testCaseDidFinishForTestClass:BackSpaceChallangeTests.TestBadData method:testBadDataAvailable withStatus:passed duration:0.002299070358276367
00:17:53.968 BackSpaceChallange[77755:3830196] <XCTWaiter: 0x60000020a1c0, state: XCTWaiterStateSucceeded> cleaning up malformed json file
00:17:53.969 BackSpaceChallange[77755:3830196] -[XCTRunnerIDESession testCaseDidFinish:]
00:17:54.012 Xcode[19349:1243288] _XCT_testSuite:TestBadData didFinishAt:2018-06-04 04:17:53 +0000 runCount:1 withFailures:0 unexpected:0 testDuration:0.002299070358276367 totalDuration:0.002933025360107422
00:17:53.969 BackSpaceChallange[77755:3830196] -[XCTRunnerIDESession testSuiteDidFinish:]
00:17:54.012 Xcode[19349:1243288] _XCT_testSuite:TestNoData didStartAt:2018-06-04 04:17:53 +0000
00:17:53.970 BackSpaceChallange[77755:3830196] -[XCTRunnerIDESession testSuiteWillStart:]
00:17:54.012 Xcode[19349:1243288] _XCT_testCaseDidStartForTestClass:BackSpaceChallangeTests.TestNoData method:testNoDataAvailable
00:17:53.971 BackSpaceChallange[77755:3830196] -[XCTRunnerIDESession testCaseWillStart:] BackSpaceChallangeTests.TestNoData testNoDataAvailable
00:17:53.972 BackSpaceChallange[77755:3830196] <XCTWaiter: 0x60000020a190, state: XCTWaiterStateSucceeded> entering wait loop for 10.00s with expectations: (
    "Download apple.com home page"
)
00:17:53.972 BackSpaceChallange[77755:3830196] <XCTWaiter: 0x60000020a190, state: XCTWaiterStateSucceeded> done waiting
00:17:53.973 BackSpaceChallange[77755:3830196] <XCTWaiter: 0x60000020a190, state: XCTWaiterStateSucceeded> cleaning up Download apple.com home page
Test Case '-[BackSpaceChallangeTests.TestNoData testNoDataAvailable]' started.
Test Case '-[BackSpaceChallangeTests.TestNoData testNoDataAvailable]' passed (0.003 seconds).
00:17:54.053 Xcode[19349:1243288] <IDETestOperationCoordinator: 0x7f85d33260f0>: parseConsoleOutputFromOriginalOutput: called, 228 bytes written out to StandardOutputAndStandardError
Test Suite 'TestNoData' passed at 2018-06-04 00:17:54.012.
	 Executed 1 test, with 0 failures (0 unexpected) in 0.003 (0.042) seconds
Test Suite 'TestSpecialData' started at 2018-06-04 00:17:54.012
Test Case '-[BackSpaceChallangeTests.TestSpecialData testSpecialCharactewrsAvailable]' started.
Test Case '-[BackSpaceChallangeTests.TestSpecialData testSpecialCharactewrsAvailable]' passed (0.005 seconds).
Test Suite 'TestSpecialData' passed at 2018-06-04 00:17:54.017.
	 Executed 1 test, with 0 failures (0 unexpected) in 0.005 (0.005) seconds
Test Suite 'BackSpaceChallangeTests.xctest' failed at 2018-06-04 00:17:54.018.
	 Executed 5 tests, with 5 failures (0 unexpected) in 27.170 (27.214) seconds
00:17:54.054 Xcode[19349:1243288] <IDETestOperationCoordinator: 0x7f85d33260f0>: parseConsoleOutputFromOriginalOutput: called, 703 bytes written out to StandardOutputAndStandardError
00:17:54.011 BackSpaceChallange[77755:3830196] -[XCTRunnerIDESession testCaseDidFinish:]
00:17:54.054 Xcode[19349:1243288] _XCT_testCaseDidFinishForTestClass:BackSpaceChallangeTests.TestNoData method:testNoDataAvailable withStatus:passed duration:0.002831935882568359
00:17:54.054 Xcode[19349:1243288] _XCT_testSuite:TestNoData didFinishAt:2018-06-04 04:17:54 +0000 runCount:1 withFailures:0 unexpected:0 testDuration:0.002831935882568359 totalDuration:0.04184198379516602
00:17:54.012 BackSpaceChallange[77755:3830196] -[XCTRunnerIDESession testSuiteDidFinish:]
00:17:54.054 Xcode[19349:1243288] _XCT_testSuite:TestSpecialData didStartAt:2018-06-04 04:17:54 +0000
00:17:54.054 Xcode[19349:1243288] _XCT_testCaseDidStartForTestClass:BackSpaceChallangeTests.TestSpecialData method:testSpecialCharactewrsAvailable
00:17:54.012 BackSpaceChallange[77755:3830196] -[XCTRunnerIDESession testSuiteWillStart:]
00:17:54.012 BackSpaceChallange[77755:3830196] -[XCTRunnerIDESession testCaseWillStart:] BackSpaceChallangeTests.TestSpecialData testSpecialCharactewrsAvailable
00:17:54.013 BackSpaceChallange[77755:3830196] <XCTWaiter: 0x60400001fe00, state: XCTWaiterStateInProgress> entering wait loop for 10.00s with expectations: (
    "Download apple.com home page"
)
00:17:54.016 BackSpaceChallange[77755:3830780] <XCTWaiter: 0x60400001fe00, state: XCTWaiterStateSucceeded>: cancelWaiting
00:17:54.017 BackSpaceChallange[77755:3830196] <XCTWaiter: 0x60400001fe00, state: XCTWaiterStateSucceeded> done waiting
00:17:54.017 BackSpaceChallange[77755:3830196] <XCTWaiter: 0x60400001fe00, state: XCTWaiterStateSucceeded> cleaning up Download apple.com home page
00:17:54.017 BackSpaceChallange[77755:3830196] -[XCTRunnerIDESession testCaseDidFinish:]
00:17:54.054 Xcode[19349:1243288] _XCT_testCaseDidFinishForTestClass:BackSpaceChallangeTests.TestSpecialData method:testSpecialCharactewrsAvailable withStatus:passed duration:0.004701018333435059
00:17:54.017 BackSpaceChallange[77755:3830196] -[XCTRunnerIDESession testSuiteDidFinish:]
00:17:54.055 Xcode[19349:1243288] _XCT_testSuite:TestSpecialData didFinishAt:2018-06-04 04:17:54 +0000 runCount:1 withFailures:0 unexpected:0 testDuration:0.004701018333435059 totalDuration:0.005331993103027344
00:17:54.018 BackSpaceChallange[77755:3830196] -[XCTRunnerIDESession testSuiteDidFinish:]
00:17:54.055 Xcode[19349:1243288] _XCT_testSuite:BackSpaceChallangeTests.xctest didFinishAt:2018-06-04 04:17:54 +0000 runCount:5 withFailures:5 unexpected:0 testDuration:27.17009592056274 totalDuration:27.21395099163055
00:17:54.018 BackSpaceChallange[77755:3830196] Activity statistics for BackSpaceChallangeTests.xctest:
00:17:54.018 BackSpaceChallange[77755:3830196] 0.00s : Other
00:17:54.018 BackSpaceChallange[77755:3830196] Total time in activities: 0.00s
00:17:54.018 BackSpaceChallange[77755:3830196] -[XCTRunnerIDESession testSuiteDidFinish:]
00:17:54.055 Xcode[19349:1243288] _XCT_testSuite:All tests didFinishAt:2018-06-04 04:17:54 +0000 runCount:5 withFailures:5 unexpected:0 testDuration:27.17009592056274 totalDuration:27.21527898311615
00:17:54.019 BackSpaceChallange[77755:3830196] Activity statistics for All tests:
00:17:54.019 BackSpaceChallange[77755:3830196] 0.00s : Other
00:17:54.019 BackSpaceChallange[77755:3830196] Total time in activities: 0.00s
00:17:54.019 BackSpaceChallange[77755:3830196] Finished running suite.
00:17:54.019 BackSpaceChallange[77755:3830196] -[XCTRunnerIDESession testBundleDidFinish:], Flushing connection to IDE...
00:17:54.055 Xcode[19349:1243288] -[XCTTestRunnerSession _XCT_didFinishExecutingTestPlan]_block_invoke
00:17:54.020 BackSpaceChallange[77755:3830196] Calling completion.
00:17:54.020 BackSpaceChallange[77755:3830196] <XCTWaiter: 0x60400001fde0, state: XCTWaiterStateInProgress> entering wait loop for 15.00s with expectations: (
    "IDE confirmed the end of session"
)
00:17:54.089 Xcode[19349:3830679] Closing socket 170 to testmanagerd for Sim iPhone 8 Plus
00:17:54.100 Xcode[19349:1243288] Test process exited with exit code 1
00:17:54.112 Xcode[19349:1243288] Claim LaunchSessionClaim_0x7f85d33c51c0 on simulator C88FBC94-57B3-44EE-AB8B-F335396179AA was relinquished
00:17:54.112 Xcode[19349:1243288] Claim LaunchSessionClaim_0x7f85d33c51c0 on simulator C88FBC94-57B3-44EE-AB8B-F335396179AA was relinquished
00:17:54.067 testmanagerd[67458:3830799] Test process connection invalidated or interrupted, closing test session <XCTestSession: 0x7f971e718580>.
00:17:54.067 testmanagerd[67458:3830799] Closed <XCTestSession: 0x7f971e718580>, removing from (
    "<XCTestSession: 0x7f971e718580>"
)
00:17:54.068 testmanagerd[67458:3830799] Tearing down <XCTestSession: 0x7f971e718580>.
00:17:54.068 testmanagerd[67458:3830799] XCTestSession is responsible for cleaning up its socket from an XCIDESession
00:17:54.068 testmanagerd[67458:3830799] Tearing down <XCTDApplicationMonitor: 0x7f971e715d50>.
00:17:54.068 testmanagerd[67458:3830799] Tearing down <XCTDProcessAssertionManager: 0x7f971e716750>.
00:17:54.070 testmanagerd[67458:3830799] Session summary: 0 test sessions, 0 sessions with identifiers, 0 unidentified sessions, has control sessions
00:17:54.070 testmanagerd[67458:3830799] Control sessions: (
    "<XCIDESession: 0x7f971e715500> (socket 6) created Monday, June 4, 2018 at 12:17:26 AM Eastern Daylight Time"
)
00:17:54.148 Xcode[19349:1243288] Got death notice for pid 77755, removing from SimulatorSessionMap
Test Suite 'All tests' failed at 2018-06-04 00:17:54.018.
	 Executed 5 tests, with 5 failures (0 unexpected) in 27.170 (27.215) seconds
00:17:54.214 Xcode[19349:1243288] <IDETestOperationCoordinator: 0x7f85d33260f0>: parseConsoleOutputFromOriginalOutput: called, 0 bytes written out to StandardOutputAndStandardError
00:17:54.359 Xcode[19349:1243288] <IDETestOperationCoordinator: 0x7f85d33260f0> finished receiving data from <IDEConsoleAdaptor: 0x7f85c97daf00 'target' stdin: (null) 0 stdout: (null) 0 stderr: (null) 0>
00:17:54.359 Xcode[19349:1243288] <IDETestOperationCoordinator: 0x7f85d33260f0>: _considerFlushingDelegateBlockQueue - nothing to flush
00:17:54.359 Xcode[19349:1243288] _finishWithError:(null)
