Test Suite 'All tests' started at 2018-06-04 00:17:26.803
Test Suite 'BackSpaceChallangeTests.xctest' started at 2018-06-04 00:17:26.804
Test Suite 'BackSpaceChallangeTests' started at 2018-06-04 00:17:26.804
Test Case '-[BackSpaceChallangeTests.BackSpaceChallangeTests testExample]' started.
/Users/gabrielcortinas/Desktop/Xcode Examples/BackSpace/BackSpaceProject/BackSpaceChallange/BackSpaceChallangeTests/BackSpaceChallangeTests.swift:52: error: -[BackSpaceChallangeTests.BackSpaceChallangeTests testExample] : XCTAssertNil failed: "["A", "B", "C", "D", "E", "F", "G", "X", "Y", "Z"]" - there no data
/Users/gabrielcortinas/Desktop/Xcode Examples/BackSpace/BackSpaceProject/BackSpaceChallange/BackSpaceChallangeTests/BackSpaceChallangeTests.swift:57: error: -[BackSpaceChallangeTests.BackSpaceChallangeTests testExample] : XCTAssertNil failed: "[BackSpaceChallangeTests.cityInformation(fullName: "Zest, XX", country: "XX", name: "Zest", id: 10, location: __C.CLLocationCoordinate2D(latitude: 444.16667999999999, longitude: 337.33334000000002))]" - no info available
/Users/gabrielcortinas/Desktop/Xcode Examples/BackSpace/BackSpaceProject/BackSpaceChallange/BackSpaceChallangeTests/BackSpaceChallangeTests.swift:67: error: -[BackSpaceChallangeTests.BackSpaceChallangeTests testExample] : XCTAssertTrue failed - No info this need to be Empty
/Users/gabrielcortinas/Desktop/Xcode Examples/BackSpace/BackSpaceProject/BackSpaceChallange/BackSpaceChallangeTests/BackSpaceChallangeTests.swift:68: error: -[BackSpaceChallangeTests.BackSpaceChallangeTests testExample] : XCTAssertTrue failed - No data available
/Users/gabrielcortinas/Desktop/Xcode Examples/BackSpace/BackSpaceProject/BackSpaceChallange/BackSpaceChallangeTests/BackSpaceChallangeTests.swift:74: error: -[BackSpaceChallangeTests.BackSpaceChallangeTests testExample] : XCTAssertTrue failed - we have valid location
Test Case '-[BackSpaceChallangeTests.BackSpaceChallangeTests testExample]' failed (26.871 seconds).
Test Case '-[BackSpaceChallangeTests.BackSpaceChallangeTests testPerformanceExample]' started.
/Users/gabrielcortinas/Desktop/Xcode Examples/BackSpace/BackSpaceProject/BackSpaceChallange/BackSpaceChallangeTests/BackSpaceChallangeTests.swift:79: Test Case '-[BackSpaceChallangeTests.BackSpaceChallangeTests testPerformanceExample]' measured [Time, seconds] average: 0.000, relative standard deviation: 157.898%, values: [0.000008, 0.000001, 0.000001, 0.000001, 0.000001, 0.000000, 0.000000, 0.000001, 0.000000, 0.000001], performanceMetricID:com.apple.XCTPerformanceMetric_WallClockTime, baselineName: "", baselineAverage: , maxPercentRegression: 10.000%, maxPercentRelativeStandardDeviation: 10.000%, maxRegression: 0.100, maxStandardDeviation: 0.100
Test Case '-[BackSpaceChallangeTests.BackSpaceChallangeTests testPerformanceExample]' passed (0.289 seconds).
Test Suite 'BackSpaceChallangeTests' failed at 2018-06-04 00:17:53.965.
	 Executed 2 tests, with 5 failures (0 unexpected) in 27.160 (27.161) seconds
Test Suite 'TestBadData' started at 2018-06-04 00:17:53.966
Test Case '-[BackSpaceChallangeTests.TestBadData testBadDataAvailable]' started.
Test Case '-[BackSpaceChallangeTests.TestBadData testBadDataAvailable]' passed (0.002 seconds).
Test Suite 'TestBadData' passed at 2018-06-04 00:17:53.969.
	 Executed 1 test, with 0 failures (0 unexpected) in 0.002 (0.003) seconds
Test Suite 'TestNoData' started at 2018-06-04 00:17:53.970
Test Case '-[BackSpaceChallangeTests.TestNoData testNoDataAvailable]' started.
Test Case '-[BackSpaceChallangeTests.TestNoData testNoDataAvailable]' passed (0.003 seconds).
Test Suite 'TestNoData' passed at 2018-06-04 00:17:54.012.
	 Executed 1 test, with 0 failures (0 unexpected) in 0.003 (0.042) seconds
Test Suite 'TestSpecialData' started at 2018-06-04 00:17:54.012
Test Case '-[BackSpaceChallangeTests.TestSpecialData testSpecialCharactewrsAvailable]' started.
Test Case '-[BackSpaceChallangeTests.TestSpecialData testSpecialCharactewrsAvailable]' passed (0.005 seconds).
Test Suite 'TestSpecialData' passed at 2018-06-04 00:17:54.017.
	 Executed 1 test, with 0 failures (0 unexpected) in 0.005 (0.005) seconds
Test Suite 'BackSpaceChallangeTests.xctest' failed at 2018-06-04 00:17:54.018.
	 Executed 5 tests, with 5 failures (0 unexpected) in 27.170 (27.214) seconds
Test Suite 'All tests' failed at 2018-06-04 00:17:54.018.
	 Executed 5 tests, with 5 failures (0 unexpected) in 27.170 (27.215) seconds
