23:53:00.240 Xcode[19349:1243288] Beginning test session BackSpaceChallangeTests-02B309F1-D4E0-423C-A80B-B7B3283BDECA at 2018-06-03 23:53:00.239 with Xcode 9F1027a on target <DVTiPhoneSimulator: 0x7f85fa0e2350> {
		SimDevice: iPhone 8 Plus (C88FBC94-57B3-44EE-AB8B-F335396179AA, iOS 11.4, Booted)
} (11.4 (15F79))
23:53:00.240 Xcode[19349:1243288] Launching with Xcode.DebuggerFoundation.Launcher.LLDB
23:53:00.240 Xcode[19349:1243288] Test standard output and standard error is at /var/folders/57/wgbgzwt95b7d7qdvn2d9ff340000gn/T/com.apple.dt.XCTest/IDETestRunSession-83B29BD6-6470-4E23-B33A-DC291B0EC61F/BackSpaceChallangeTests-62CC9352-FD8E-4F8C-9A2E-3F72CF193A0D/StandardOutputAndStandardError.txt
23:53:00.240 Xcode[19349:1243288] Simulator C88FBC94-57B3-44EE-AB8B-F335396179AA was claimed by TestSessionClaim_IDETestRunSession-83B29BD6-6470-4E23-B33A-DC291B0EC61F
23:53:03.402 Xcode[19349:1243288] Launch session started.
23:53:03.439 Xcode[19349:1243288] Setting up test runner session
23:53:03.439 Xcode[19349:3789238] Sim iPhone 8 Plus: Unregistering for sim device notification with token 314
23:53:03.439 Xcode[19349:3789238] Calling -[SimDevice getenv:error:] for TESTMANAGERD_SIM_SOCK
23:53:03.440 Xcode[19349:3789238] Sim iPhone 8 Plus has testmanagerd socket at /private/tmp/com.apple.launchd.k8YuOgdX2g/com.apple.testmanagerd.unix-domain.socket
23:53:03.440 Xcode[19349:3789238] Validating test connection socket path (/private/tmp/com.apple.launchd.k8YuOgdX2g/com.apple.testmanagerd.unix-domain.socket)
23:53:03.440 Xcode[19349:3789238] Constructing transport for test connection socket
23:53:03.440 Xcode[19349:3789238] Connected socket 147 to testmanagerd for Sim iPhone 8 Plus
23:53:03.440 Xcode[19349:3789305] Received connection for test runner session
23:53:03.440 Xcode[19349:3789305] Listening for proxy connection request from the test bundle
23:53:03.441 Xcode[19349:3789305] Initiating session with identifier: 02B309F1-D4E0-423C-A80B-B7B3283BDECA
23:53:03.449 Xcode[19349:3789229] Got reply to session initiation request with identifier 02B309F1-D4E0-423C-A80B-B7B3283BDECA (result:error): 25: (null)
23:53:03.470 Xcode[19349:1243288] Received Ready from iOSSimulator
23:53:03.470 Xcode[19349:1243288] Sending notification: NSConcreteNotification 0x7f85d2d21c40 {name = com.apple.iphonesimulator.startSession; userInfo = {
    deviceUDID = "C88FBC94-57B3-44EE-AB8B-F335396179AA";
}}
23:53:03.471 Xcode[19349:3789303] Simulator C88FBC94-57B3-44EE-AB8B-F335396179AA was claimed by LaunchSessionClaim_0x7f85c975c8c0
23:53:03.493 Xcode[19349:1243288] Test runner session acquired connection.
23:53:03.493 Xcode[19349:1243288] Waiting for test process to launch.
23:53:03.495 Xcode[19349:1243288] Adding console adaptor <IDEConsoleAdaptor: 0x7f85d3c1fdf0 'target' stdin: <IDEMasterPtyFileHandle: 0x7f85cf847880 MasterFH: <NSConcreteFileHandle: 0x7f85d3390980> 161 SlaveFH: <NSConcreteFileHandle: 0x7f85c9a38d00> 162> 161 stdout: <IDEMasterPtyFileHandle: 0x7f85cf847880 MasterFH: <NSConcreteFileHandle: 0x7f85d3390980> 161 SlaveFH: <NSConcreteFileHandle: 0x7f85c9a38d00> 162> 161 stderr: (null) 0> for test session 02B309F1-D4E0-423C-A80B-B7B3283BDECA.
23:53:03.503 Xcode[19349:1243288] Received Ready from iOSSimulator
23:53:03.503 Xcode[19349:1243288] Sending notification: NSConcreteNotification 0x7f85ed8309f0 {name = com.apple.iphonesimulator.startSession; userInfo = {
    deviceUDID = "C88FBC94-57B3-44EE-AB8B-F335396179AA";
}}
23:53:03.503 Xcode[19349:3789229] Simulator C88FBC94-57B3-44EE-AB8B-F335396179AA was claimed by LaunchSessionClaim_0x7f85c975c8c0
23:53:03.504 Xcode[19349:3789229] C88FBC94-57B3-44EE-AB8B-F335396179AA: Registered for sim device notification, got token 315
23:53:03.505 Xcode[19349:3789229] C88FBC94-57B3-44EE-AB8B-F335396179AA: Unregistering for sim device notification with token 315
23:53:03.507 Xcode[19349:3789229] C88FBC94-57B3-44EE-AB8B-F335396179AA: Installing app at path: /Users/gabrielcortinas/Desktop/Xcode Examples/BackSpace/BackSpaceProject/BackSpaceChallange/DerivedData/BackSpaceChallange/Build/Products/Debug-iphonesimulator/BackSpaceChallange.app and options: (null)
23:53:04.317 Xcode[19349:3789229] C88FBC94-57B3-44EE-AB8B-F335396179AA: Installed app at path: /Users/gabrielcortinas/Desktop/Xcode Examples/BackSpace/BackSpaceProject/BackSpaceChallange/DerivedData/BackSpaceChallange/Build/Products/Debug-iphonesimulator/BackSpaceChallange.app and options: (null)
23:53:04.317 Xcode[19349:3789229] C88FBC94-57B3-44EE-AB8B-F335396179AA: Launching app with identifier: com.MrCortinas.CorpX.BackSpaceChallange and options: {
    "activate_suspended" = 0;
    arguments =     (
        "-NSTreatUnknownArgumentsAsOpen",
        NO,
        "-ApplePersistenceIgnoreState",
        YES
    );
    environment =     {
        "DYLD_FRAMEWORK_PATH" = "/Users/gabrielcortinas/Desktop/Xcode Examples/BackSpace/BackSpaceProject/BackSpaceChallange/DerivedData/BackSpaceChallange/Build/Products/Debug-iphonesimulator:/Users/gabrielcortinas/Desktop/Xcode Examples/BackSpace/BackSpaceProject/BackSpaceChallange/DerivedData/BackSpaceChallange/Build/Products/Debug-iphonesimulator:/Applications/Xcode.app/Contents/Developer/Platforms/iPhoneSimulator.platform/Developer/Library/Frameworks:/Applications/Xcode.app/Contents/Developer/Platforms/iPhoneOS.platform/Developer/Library/CoreSimulator/Profiles/Runtimes/iOS.simruntime/Contents/Resources/RuntimeRoot/Developer/Library/PrivateFrameworks";
        "DYLD_INSERT_LIBRARIES" = "/Applications/Xcode.app/Contents/Developer/Platforms/iPhoneOS.platform/Developer/Library/CoreSimulator/Profiles/Runtimes/iOS.simruntime/Contents/Resources/RuntimeRoot/Developer/Library/PrivateFrameworks/DTDDISupport.framework/libViewDebuggerSupport.dylib:/Applications/Xcode.app/Contents/Developer/Platforms/iPhoneSimulator.platform/Developer/Library/PrivateFrameworks/IDEBundleInjection.framework/IDEBundleInjection:/Applications/Xcode.app/Contents/Developer/Platforms/iPhoneOS.platform/Developer/Library/CoreSimulator/Profiles/Runtimes/iOS.simruntime/Contents/Resources/RuntimeRoot/usr/lib/libMainThreadChecker.dylib";
        "DYLD_LIBRARY_PATH" = "/Users/gabrielcortinas/Desktop/Xcode Examples/BackSpace/BackSpaceProject/BackSpaceChallange/DerivedData/BackSpaceChallange/Build/Products/Debug-iphonesimulator:/Users/gabrielcortinas/Desktop/Xcode Examples/BackSpace/BackSpaceProject/BackSpaceChallange/DerivedData/BackSpaceChallange/Build/Products/Debug-iphonesimulator:/Applications/Xcode.app/Contents/Developer/Platforms/iPhoneSimulator.platform/Developer/Library/Frameworks:/Applications/Xcode.app/Contents/Developer/Platforms/iPhoneOS.platform/Developer/Library/CoreSimulator/Profiles/Runtimes/iOS.simruntime/Contents/Resources/RuntimeRoot/Developer/Library/PrivateFrameworks";
        "MTC_CRASH_ON_REPORT" = 1;
        NSUnbufferedIO = YES;
        "OS_ACTIVITY_DT_MODE" = YES;
        "SQLITE_ENABLE_THREAD_ASSERTIONS" = 1;
        XCInjectBundleInto = "/Users/gabrielcortinas/Desktop/Xcode Examples/BackSpace/BackSpaceProject/BackSpaceChallange/DerivedData/BackSpaceChallange/Build/Products/Debug-iphonesimulator/BackSpaceChallange.app/BackSpaceChallange";
        "XCODE_DBG_XPC_EXCLUSIONS" = "com.apple.dt.xctestSymbolicator";
        XCTestConfigurationFilePath = "/var/folders/57/wgbgzwt95b7d7qdvn2d9ff340000gn/T/com.apple.dt.XCTest/IDETestRunSession-83B29BD6-6470-4E23-B33A-DC291B0EC61F/BackSpaceChallangeTests-62CC9352-FD8E-4F8C-9A2E-3F72CF193A0D/LaunchSessions/02B309F1-D4E0-423C-A80B-B7B3283BDECA/remote-container/tmp/BackSpaceChallangeTests-02B309F1-D4E0-423C-A80B-B7B3283BDECA.xctestconfiguration";
        "__XCODE_BUILT_PRODUCTS_DIR_PATHS" = "/Users/gabrielcortinas/Desktop/Xcode Examples/BackSpace/BackSpaceProject/BackSpaceChallange/DerivedData/BackSpaceChallange/Build/Products/Debug-iphonesimulator";
        "__XPC_DYLD_FRAMEWORK_PATH" = "/Users/gabrielcortinas/Desktop/Xcode Examples/BackSpace/BackSpaceProject/BackSpaceChallange/DerivedData/BackSpaceChallange/Build/Products/Debug-iphonesimulator";
        "__XPC_DYLD_LIBRARY_PATH" = "/Users/gabrielcortinas/Desktop/Xcode Examples/BackSpace/BackSpaceProject/BackSpaceChallange/DerivedData/BackSpaceChallange/Build/Products/Debug-iphonesimulator";
    };
    stderr = "/dev/ttys001";
    stdout = "/dev/ttys001";
    "wait_for_debugger" = 1;
}
23:53:06.502 Xcode[19349:3789303] C88FBC94-57B3-44EE-AB8B-F335396179AA: Launched app with identifier: com.MrCortinas.CorpX.BackSpaceChallange (pid = 76625)
23:53:06.502 Xcode[19349:3789303] Tracking pid 76625 for simulator <DVTiPhoneSimulator: 0x7f85fa0e2350> {
		SimDevice: iPhone 8 Plus (C88FBC94-57B3-44EE-AB8B-F335396179AA, iOS 11.4, Booted)
}
23:53:06.502 Xcode[19349:3789303] Checking to see if pid 76625 is valid: kill(pid, 0) = 0 (YES, it's still running)
23:53:06.502 Xcode[19349:3789303] Setting up DVTTaskNotifyOnProcDeath for pid 76625
23:53:06.502 Xcode[19349:1243288] Test process runnable PID is 76625.
23:53:08.234 Xcode[19349:1243288] Waiting for test process to check in..., will wait up to 120s
23:53:09.757 Xcode[19349:3789241] Handling proxy channel request from test runner
23:53:09.757 Xcode[19349:3789241] Test runner is ready, running protocol 25, requires at least version 8. Control framework is running 25 and requires at least 8
23:53:09.757 Xcode[19349:1243288] Test runner session successfully initiated.
23:53:09.757 Xcode[19349:1243288] Creating the daemon control session.
23:53:09.757 Xcode[19349:1243288] Whitelisting test process ID 76625
23:53:09.757 Xcode[19349:1243288] Got authorization request for pid 76625
23:53:09.757 Xcode[19349:3789301] Sim iPhone 8 Plus: Unregistering for sim device notification with token 316
23:53:09.758 Xcode[19349:3789301] Calling -[SimDevice getenv:error:] for TESTMANAGERD_SIM_SOCK
23:53:09.758 Xcode[19349:3789301] Sim iPhone 8 Plus has testmanagerd socket at /private/tmp/com.apple.launchd.k8YuOgdX2g/com.apple.testmanagerd.unix-domain.socket
23:53:09.758 Xcode[19349:3789301] Validating test connection socket path (/private/tmp/com.apple.launchd.k8YuOgdX2g/com.apple.testmanagerd.unix-domain.socket)
23:53:09.758 Xcode[19349:3789301] Constructing transport for test connection socket
23:53:09.758 Xcode[19349:3789301] Connected socket 167 to testmanagerd for Sim iPhone 8 Plus
23:53:09.759 Xcode[19349:3789241] Requesting authorization for pid 76625
23:53:09.889 Xcode[19349:3789228] Got reply to authorization request for pid 76625 (result:error): 25: (null)
23:53:09.889 Xcode[19349:1243288] Got whitelisting response from test daemon. Success: 1
23:53:09.889 Xcode[19349:1243288] Registering/updating daemon-based crash report observer for process names (
    XCTRunner,
    BackSpaceChallange,
    xctest
), report directories: (
    "/Users/gabrielcortinas/Library/Logs/DiagnosticReports",
    "/Library/Logs/DiagnosticReports"
).
23:51:43.132 testmanagerd[67458:3785906] XCIDESession is responsible for cleaning up its socket
23:51:43.133 testmanagerd[67458:3784717] -[XCTDaemon closeIDESession:]_block_invoke <XCIDESession: 0x7f971e5000f0> (socket 6) created Sunday, June 3, 2018 at 11:50:45 PM Eastern Daylight Time
23:51:43.133 testmanagerd[67458:3784717] Tearing down <XCIDESession: 0x7f971e5000f0> (socket 6) created Sunday, June 3, 2018 at 11:50:45 PM Eastern Daylight Time.
23:51:43.133 testmanagerd[67458:3784717] Control session closed, will disconnect from matching testing client.
23:51:43.133 testmanagerd[67458:3784717] Session summary: 0 test sessions, 0 sessions with identifiers, 0 unidentified sessions, does not have control sessions
23:53:03.440 testmanagerd[67458:3785907] IDE connected over socket 5 (-[XCTestManagerIDEServer listenForControlConnectionsOverNamedSocket]_block_invoke)
23:53:03.442 testmanagerd[67458:3785907] Created session with socket 5
23:53:03.442 testmanagerd[67458:3789462] Adding <XCIDESession: 0x7f971e711c10> (socket 5) created Sunday, June 3, 2018 at 11:53:03 PM Eastern Daylight Time to the set of unidentified IDE sessions
23:53:03.444 testmanagerd[67458:3785907] Handled a proxy request from the IDE with session <XCIDESession: 0x7f971e711c10> (socket 5) created Sunday, June 3, 2018 at 11:53:03 PM Eastern Daylight Time proxy <_DTXProxy: 0x7f971e421b70>
23:53:03.448 testmanagerd[67458:3505349] -[XCIDESession _IDE_initiateSessionWithIdentifier:forClient:atPath:protocolVersion:]_block_invoke 02B309F1-D4E0-423C-A80B-B7B3283BDECA 1 5 from client DBFD82EE-6C69-43FF-975F-0A067A093E89-19349-0000E6519C4C6A25 (/Applications/Xcode.app)
23:53:03.449 testmanagerd[67458:3505349] -[XCIDESession _IDE_initiateSessionWithIdentifier:forClient:atPath:protocolVersion:]_block_invoke 02B309F1-D4E0-423C-A80B-B7B3283BDECA Replied with protocol version 25
23:53:03.449 testmanagerd[67458:3789462] -[XCTDaemon setIDESession:forIdentifier:]_block_invoke <XCIDESession: 0x7f971e711c10> (socket 5) created Sunday, June 3, 2018 at 11:53:03 PM Eastern Daylight Time for client DBFD82EE-6C69-43FF-975F-0A067A093E89-19349-0000E6519C4C6A25 waiting to pair with test session 02B309F1-D4E0-423C-A80B-B7B3283BDECA -> 02B309F1-D4E0-423C-A80B-B7B3283BDECA
23:53:09.695 testmanagerd[67458:3789843] Received new test session connection from process with PID 76625
23:53:09.702 testmanagerd[67458:3789843] Looking up app info for pid 76625
23:53:09.735 testmanagerd[67458:3789462] Test session 02B309F1-D4E0-423C-A80B-B7B3283BDECA requested transport for IDE (-[XCTestSession _XCT_requestSerializedTransportWrapperForIDESessionWithIdentifier:reply:])
23:53:09.735 testmanagerd[67458:3789845] Test session 02B309F1-D4E0-423C-A80B-B7B3283BDECA requested serialized transport (-[XCTDaemon requestSerializedTransportForSessionIdentifier:reply:]_block_invoke)
23:53:09.735 testmanagerd[67458:3789845] Initiating serialized transport handoff from IDE connection to test host.
23:53:09.735 testmanagerd[67458:3789845] -[XCIDESession closeConnectionAndHandOffTransportWithCompletionHandler:] sending barrier
23:53:09.735 testmanagerd[67458:3789462] Barrier flushed. Cancelling connection. Socket will not be closed
23:53:09.735 testmanagerd[67458:3789844] Got app info for pid 76625: {
    BKSApplicationStateAppIsFrontmost = 1;
    BKSApplicationStateExtensionKey = 0;
    SBApplicationStateDisplayIDKey = "com.MrCortinas.CorpX.BackSpaceChallange";
    SBApplicationStateKey = 8;
    SBApplicationStateProcessIDKey = 76625;
    SBApplicationStateRunningReasonsKey =     (
                {
            SBApplicationStateRunningReasonAssertionIdentifierKey = "Deliver Message";
            SBApplicationStateRunningReasonAssertionReasonKey = 10001;
        },
                {
            SBApplicationStateRunningReasonAssertionIdentifierKey = Resume;
            SBApplicationStateRunningReasonAssertionReasonKey = 10000;
        }
    );
    SBMostElevatedStateForProcessID = 8;
}
23:53:09.735 testmanagerd[67458:3789848] -[XCTDaemon closeIDESession:]_block_invoke <XCIDESession: 0x7f971e711c10> (socket 5) created Sunday, June 3, 2018 at 11:53:03 PM Eastern Daylight Time for client DBFD82EE-6C69-43FF-975F-0A067A093E89-19349-0000E6519C4C6A25 waiting to pair with test session 02B309F1-D4E0-423C-A80B-B7B3283BDECA
23:53:09.737 testmanagerd[67458:3789848] Tearing down <XCIDESession: 0x7f971e711c10> (socket 5) created Sunday, June 3, 2018 at 11:53:03 PM Eastern Daylight Time for client DBFD82EE-6C69-43FF-975F-0A067A093E89-19349-0000E6519C4C6A25 waiting to pair with test session 02B309F1-D4E0-423C-A80B-B7B3283BDECA.
23:53:09.737 testmanagerd[67458:3789848] Session summary: 1 test sessions, 0 sessions with identifiers, 0 unidentified sessions, does not have control sessions
23:53:09.735 testmanagerd[67458:3789462] DTXSocketTransport for socket 5 disconnected, owner is <XCIDESession: 0x7f971e711c10> (socket 5) created Sunday, June 3, 2018 at 11:53:03 PM Eastern Daylight Time for client DBFD82EE-6C69-43FF-975F-0A067A093E89-19349-0000E6519C4C6A25 waiting to pair with test session 02B309F1-D4E0-423C-A80B-B7B3283BDECA
23:53:09.737 testmanagerd[67458:3789844] Got request for process assertion for pid 76625.
23:53:09.805 testmanagerd[67458:3789844] Created process assertion for pid 76625: <BKSProcessAssertion: 0x7f971e601220>, waiting for response from assertiond.
23:53:09.806 testmanagerd[67458:3789844] Starting to monitor com.MrCortinas.CorpX.BackSpaceChallange
23:53:09.807 testmanagerd[67458:3789848] IDE connected over socket 6 (-[XCTestManagerIDEServer listenForControlConnectionsOverNamedSocket]_block_invoke)
23:53:09.807 testmanagerd[67458:3789848] Created session with socket 6
23:53:09.814 testmanagerd[67458:3789848] Adding <XCIDESession: 0x7f971e711c10> (socket 6) created Sunday, June 3, 2018 at 11:53:09 PM Eastern Daylight Time to the set of unidentified IDE sessions
23:53:09.864 testmanagerd[67458:3789848] Handled a proxy request from the IDE with session <XCIDESession: 0x7f971e711c10> (socket 6) created Sunday, June 3, 2018 at 11:53:09 PM Eastern Daylight Time proxy <_DTXProxy: 0x7f971e712780>
23:53:09.865 testmanagerd[67458:3789848] -[XCIDESession _IDE_initiateControlSessionForTestProcessID:protocolVersion:] 76625 25
23:53:09.879 testmanagerd[67458:3505349] Adding control session <XCIDESession: 0x7f971e711c10> (socket 6) created Sunday, June 3, 2018 at 11:53:09 PM Eastern Daylight Time with protocol version 25
23:53:09.881 testmanagerd[67458:3789843] Got application state update: com.MrCortinas.CorpX.BackSpaceChallange (76625) -> 8
23:53:09.882 testmanagerd[67458:3789843] <XCTestSession: 0x7f971e423030> -[XCTestSession applicationWithBundleID:didUpdatePID:andState:] com.MrCortinas.CorpX.BackSpaceChallange 76625 8
23:53:09.915 testmanagerd[67458:3789462] Got reply for process assertion request, success: YES
23:53:09.915 testmanagerd[67458:3789462] Got reply for process assertion request, success: YES
23:53:09.948 testmanagerd[67458:3505349] Received request to collect crash reports in directories '/Users/gabrielcortinas/Library/Logs/DiagnosticReports', '/Library/Logs/DiagnosticReports' for processes with names 'XCTRunner', 'BackSpaceChallange', 'xctest'
23:53:09.950 testmanagerd[67458:3505349] Initializing crash report observer for /Users/gabrielcortinas/Library/Logs/DiagnosticReports
23:53:09.952 testmanagerd[67458:3505349] Getting files in /Users/gabrielcortinas/Library/Logs/DiagnosticReports
23:53:09.955 testmanagerd[67458:3505349] Found 3 files in /Users/gabrielcortinas/Library/Logs/DiagnosticReports
23:53:09.956 testmanagerd[67458:3505349] Started monitoring /Users/gabrielcortinas/Library/Logs/DiagnosticReports
23:53:09.956 testmanagerd[67458:3505349] Initializing crash report observer for /Library/Logs/DiagnosticReports
23:53:09.956 testmanagerd[67458:3505349] Getting files in /Library/Logs/DiagnosticReports
23:53:10.061 testmanagerd[67458:3505349] Found 176 files in /Library/Logs/DiagnosticReports
23:53:10.062 Xcode[19349:1243288] Telling test runner to start executing tests.
23:53:10.061 testmanagerd[67458:3505349] Started monitoring /Library/Logs/DiagnosticReports
23:53:09.685 BackSpaceChallange[76625:3789701] Linked XCTest.framework from /Applications/Xcode.app/Contents/Developer/Platforms/iPhoneSimulator.platform/Developer/Library/Frameworks/XCTest.framework/XCTest, built with Xcode 0940(9Q1019a), modified on Thursday, May 17, 2018 at 1:35:22 AM Eastern Daylight Time
XCTest.framework bundle version: 14100
23:53:09.686 BackSpaceChallange[76625:3789701] System uptime: 2:57:56
23:53:09.686 BackSpaceChallange[76625:3789701] Process arguments: (
    "/Users/gabrielcortinas/Library/Developer/CoreSimulator/Devices/C88FBC94-57B3-44EE-AB8B-F335396179AA/data/Containers/Bundle/Application/4302C1A1-61AC-4AB6-92D0-E417695B32E5/BackSpaceChallange.app/BackSpaceChallange",
    "-NSTreatUnknownArgumentsAsOpen",
    NO,
    "-ApplePersistenceIgnoreState",
    YES
)
23:53:09.686 BackSpaceChallange[76625:3789701] Process environment: {
    "CFFIXED_USER_HOME" = "/Users/gabrielcortinas/Library/Developer/CoreSimulator/Devices/C88FBC94-57B3-44EE-AB8B-F335396179AA/data/Containers/Data/Application/F7F03B0D-47E8-4AC0-8F29-FCDA640475F1";
    CLASSIC = 0;
    "CUPS_SERVER" = "/private/tmp/com.apple.launchd.BM3R0FoY4T/Listeners";
    "DYLD_FALLBACK_FRAMEWORK_PATH" = "/Applications/Xcode.app/Contents/Developer/Platforms/iPhoneOS.platform/Developer/Library/CoreSimulator/Profiles/Runtimes/iOS.simruntime/Contents/Resources/RuntimeRoot/System/Library/Frameworks";
    "DYLD_FALLBACK_LIBRARY_PATH" = "/Applications/Xcode.app/Contents/Developer/Platforms/iPhoneOS.platform/Developer/Library/CoreSimulator/Profiles/Runtimes/iOS.simruntime/Contents/Resources/RuntimeRoot/usr/lib";
    "DYLD_FRAMEWORK_PATH" = "/Users/gabrielcortinas/Desktop/Xcode Examples/BackSpace/BackSpaceProject/BackSpaceChallange/DerivedData/BackSpaceChallange/Build/Products/Debug-iphonesimulator:/Users/gabrielcortinas/Desktop/Xcode Examples/BackSpace/BackSpaceProject/BackSpaceChallange/DerivedData/BackSpaceChallange/Build/Products/Debug-iphonesimulator:/Applications/Xcode.app/Contents/Developer/Platforms/iPhoneSimulator.platform/Developer/Library/Frameworks:/Applications/Xcode.app/Contents/Developer/Platforms/iPhoneOS.platform/Developer/Library/CoreSimulator/Profiles/Runtimes/iOS.simruntime/Contents/Resources/RuntimeRoot/Developer/Library/PrivateFrameworks";
    "DYLD_LIBRARY_PATH" = "/Users/gabrielcortinas/Desktop/Xcode Examples/BackSpace/BackSpaceProject/BackSpaceChallange/DerivedData/BackSpaceChallange/Build/Products/Debug-iphonesimulator:/Users/gabrielcortinas/Desktop/Xcode Examples/BackSpace/BackSpaceProject/BackSpaceChallange/DerivedData/BackSpaceChallange/Build/Products/Debug-iphonesimulator:/Applications/Xcode.app/Contents/Developer/Platforms/iPhoneSimulator.platform/Developer/Library/Frameworks:/Applications/Xcode.app/Contents/Developer/Platforms/iPhoneOS.platform/Developer/Library/CoreSimulator/Profiles/Runtimes/iOS.simruntime/Contents/Resources/RuntimeRoot/Developer/Library/PrivateFrameworks";
    "DYLD_ROOT_PATH" = "/Applications/Xcode.app/Contents/Developer/Platforms/iPhoneOS.platform/Developer/Library/CoreSimulator/Profiles/Runtimes/iOS.simruntime/Contents/Resources/RuntimeRoot";
    HOME = "/Users/gabrielcortinas/Library/Developer/CoreSimulator/Devices/C88FBC94-57B3-44EE-AB8B-F335396179AA/data/Containers/Data/Application/F7F03B0D-47E8-4AC0-8F29-FCDA640475F1";
    "IOS_SIMULATOR_SYSLOG_SOCKET" = "/private/tmp/com.apple.CoreSimulator.SimDevice.C88FBC94-57B3-44EE-AB8B-F335396179AA/syslogsock";
    "IPHONE_SHARED_RESOURCES_DIRECTORY" = "/Users/gabrielcortinas/Library/Developer/CoreSimulator/Devices/C88FBC94-57B3-44EE-AB8B-F335396179AA/data";
    "IPHONE_SIMULATOR_ROOT" = "/Applications/Xcode.app/Contents/Developer/Platforms/iPhoneOS.platform/Developer/Library/CoreSimulator/Profiles/Runtimes/iOS.simruntime/Contents/Resources/RuntimeRoot";
    "IPHONE_TVOUT_EXTENDED_PROPERTIES" = "/Users/gabrielcortinas/Library/Developer/CoreSimulator/Devices/C88FBC94-57B3-44EE-AB8B-F335396179AA/data/Library/Application Support/Simulator/extended_display.plist";
    "MTC_CRASH_ON_REPORT" = 1;
    NSUnbufferedIO = YES;
    "OS_ACTIVITY_DT_MODE" = YES;
    PATH = "/Applications/Xcode.app/Contents/Developer/Platforms/iPhoneOS.platform/Developer/Library/CoreSimulator/Profiles/Runtimes/iOS.simruntime/Contents/Resources/RuntimeRoot/usr/bin:/Applications/Xcode.app/Contents/Developer/Platforms/iPhoneOS.platform/Developer/Library/CoreSimulator/Profiles/Runtimes/iOS.simruntime/Contents/Resources/RuntimeRoot/bin:/Applications/Xcode.app/Contents/Developer/Platforms/iPhoneOS.platform/Developer/Library/CoreSimulator/Profiles/Runtimes/iOS.simruntime/Contents/Resources/RuntimeRoot/usr/sbin:/Applications/Xcode.app/Contents/Developer/Platforms/iPhoneOS.platform/Developer/Library/CoreSimulator/Profiles/Runtimes/iOS.simruntime/Contents/Resources/RuntimeRoot/sbin:/Applications/Xcode.app/Contents/Developer/Platforms/iPhoneOS.platform/Developer/Library/CoreSimulator/Profiles/Runtimes/iOS.simruntime/Contents/Resources/RuntimeRoot/usr/local/bin";
    "RWI_LISTEN_SOCKET" = "/private/tmp/com.apple.launchd.1MsI6rurTv/com.apple.webinspectord_sim.socket";
    "SIMULATOR_AUDIO_DEVICES_PLIST_PATH" = "/Users/gabrielcortinas/Library/Developer/CoreSimulator/Devices/C88FBC94-57B3-44EE-AB8B-F335396179AA/data/var/run/com.apple.coresimulator.audio.plist";
    "SIMULATOR_AUDIO_SETTINGS_PATH" = "/Users/gabrielcortinas/Library/Developer/CoreSimulator/Devices/C88FBC94-57B3-44EE-AB8B-F335396179AA/data/var/run/simulatoraudio/audiosettings.plist";
    "SIMULATOR_BOOT_TIME" = 1528073713;
    "SIMULATOR_CAPABILITIES" = "/Applications/Xcode.app/Contents/Developer/Platforms/iPhoneOS.platform/Developer/Library/CoreSimulator/Profiles/DeviceTypes/iPhone 8 Plus.simdevicetype/Contents/Resources/capabilities.plist";
    "SIMULATOR_DEVICE_NAME" = "iPhone 8 Plus";
    "SIMULATOR_EXTENDED_DISPLAY_PROPERTIES" = "/Users/gabrielcortinas/Library/Developer/CoreSimulator/Devices/C88FBC94-57B3-44EE-AB8B-F335396179AA/data/Library/Application Support/Simulator/extended_display.plist";
    "SIMULATOR_HID_SYSTEM_MANAGER" = "/Library/Developer/PrivateFrameworks/CoreSimulator.framework/Resources/Platforms/iphoneos/Library/Frameworks/SimulatorHID.framework";
    "SIMULATOR_HOST_HOME" = "/Users/gabrielcortinas";
    "SIMULATOR_LEGACY_ASSET_SUFFIX" = iphone;
    "SIMULATOR_LOG_ROOT" = "/Users/gabrielcortinas/Library/Logs/CoreSimulator/C88FBC94-57B3-44EE-AB8B-F335396179AA";
    "SIMULATOR_MAINSCREEN_HEIGHT" = 2208;
    "SIMULATOR_MAINSCREEN_PITCH" = "461.000000";
    "SIMULATOR_MAINSCREEN_SCALE" = "3.000000";
    "SIMULATOR_MAINSCREEN_WIDTH" = 1242;
    "SIMULATOR_MEMORY_WARNINGS" = "/Users/gabrielcortinas/Library/Developer/CoreSimulator/Devices/C88FBC94-57B3-44EE-AB8B-F335396179AA/data/var/run/memory_warning_simulation";
    "SIMULATOR_MODEL_IDENTIFIER" = "iPhone10,5";
    "SIMULATOR_PRODUCT_CLASS" = D21;
    "SIMULATOR_ROOT" = "/Applications/Xcode.app/Contents/Developer/Platforms/iPhoneOS.platform/Developer/Library/CoreSimulator/Profiles/Runtimes/iOS.simruntime/Contents/Resources/RuntimeRoot";
    "SIMULATOR_RUNTIME_BUILD_VERSION" = 15F79;
    "SIMULATOR_RUNTIME_VERSION" = "11.4";
    "SIMULATOR_SHARED_RESOURCES_DIRECTORY" = "/Users/gabrielcortinas/Library/Developer/CoreSimulator/Devices/C88FBC94-57B3-44EE-AB8B-F335396179AA/data";
    "SIMULATOR_UDID" = "C88FBC94-57B3-44EE-AB8B-F335396179AA";
    "SIMULATOR_VERSION_INFO" = "CoreSimulator 518.22 - Device: iPhone 8 Plus - Runtime: iOS 11.4 (15F79) - DeviceType: iPhone 8 Plus";
    "SQLITE_ENABLE_THREAD_ASSERTIONS" = 1;
    "TESTMANAGERD_SIM_SOCK" = "/private/tmp/com.apple.launchd.k8YuOgdX2g/com.apple.testmanagerd.unix-domain.socket";
    TMPDIR = "/Users/gabrielcortinas/Library/Developer/CoreSimulator/Devices/C88FBC94-57B3-44EE-AB8B-F335396179AA/data/Containers/Data/Application/F7F03B0D-47E8-4AC0-8F29-FCDA640475F1/tmp";
    XCInjectBundleInto = "/Users/gabrielcortinas/Desktop/Xcode Examples/BackSpace/BackSpaceProject/BackSpaceChallange/DerivedData/BackSpaceChallange/Build/Products/Debug-iphonesimulator/BackSpaceChallange.app/BackSpaceChallange";
    "XCODE_DBG_XPC_EXCLUSIONS" = "com.apple.dt.xctestSymbolicator";
    XCTestConfigurationFilePath = "/var/folders/57/wgbgzwt95b7d7qdvn2d9ff340000gn/T/com.apple.dt.XCTest/IDETestRunSession-83B29BD6-6470-4E23-B33A-DC291B0EC61F/BackSpaceChallangeTests-62CC9352-FD8E-4F8C-9A2E-3F72CF193A0D/LaunchSessions/02B309F1-D4E0-423C-A80B-B7B3283BDECA/remote-container/tmp/BackSpaceChallangeTests-02B309F1-D4E0-423C-A80B-B7B3283BDECA.xctestconfiguration";
    "XPC_FLAGS" = 0x0;
    "XPC_SERVICE_NAME" = "UIKitApplication:com.MrCortinas.CorpX.BackSpaceChallange[0xf273][67298]";
    "XPC_SIMULATOR_LAUNCHD_NAME" = "com.apple.CoreSimulator.SimDevice.C88FBC94-57B3-44EE-AB8B-F335396179AA";
    "__XCODE_BUILT_PRODUCTS_DIR_PATHS" = "/Users/gabrielcortinas/Desktop/Xcode Examples/BackSpace/BackSpaceProject/BackSpaceChallange/DerivedData/BackSpaceChallange/Build/Products/Debug-iphonesimulator";
    "__XPC_DYLD_FRAMEWORK_PATH" = "/Users/gabrielcortinas/Desktop/Xcode Examples/BackSpace/BackSpaceProject/BackSpaceChallange/DerivedData/BackSpaceChallange/Build/Products/Debug-iphonesimulator";
    "__XPC_DYLD_LIBRARY_PATH" = "/Users/gabrielcortinas/Desktop/Xcode Examples/BackSpace/BackSpaceProject/BackSpaceChallange/DerivedData/BackSpaceChallange/Build/Products/Debug-iphonesimulator";
}
23:53:09.687 BackSpaceChallange[76625:3789701] App Sandbox active: NO
23:53:09.687 BackSpaceChallange[76625:3789701] Loading test bundle at: file:///Users/gabrielcortinas/Desktop/Xcode%20Examples/BackSpace/BackSpaceProject/BackSpaceChallange/DerivedData/BackSpaceChallange/Build/Products/Debug-iphonesimulator/BackSpaceChallange.app/PlugIns/BackSpaceChallangeTests.xctest/
23:53:09.687 BackSpaceChallange[76625:3789701] Finished loading test bundle
23:53:09.687 BackSpaceChallange[76625:3789701] Readying IDE session
23:53:09.689 BackSpaceChallange[76625:3789701] Creating future for 'Exchange protocol versions with daemon' with timeout 15.00
23:53:09.689 BackSpaceChallange[76625:3789701] <XCTWaiter: 0x604000012690, state: XCTWaiterStateInProgress> entering wait loop for 15.00s with expectations: (
    "Exchange protocol versions with daemon"
)
23:53:09.703 BackSpaceChallange[76625:3789842] <XCTWaiter: 0x604000012690, state: XCTWaiterStateSucceeded>: cancelWaiting
23:53:09.731 BackSpaceChallange[76625:3789701] <XCTWaiter: 0x604000012690, state: XCTWaiterStateSucceeded> done waiting
23:53:09.732 BackSpaceChallange[76625:3789701] <XCTWaiter: 0x604000012690, state: XCTWaiterStateSucceeded> cleaning up Exchange protocol versions with daemon
23:53:09.733 BackSpaceChallange[76625:3789701] Got daemon protocol version 22
23:53:09.734 BackSpaceChallange[76625:3789701] Requesting IDE connection transport
23:53:09.735 BackSpaceChallange[76625:3789842] Creating transport with received transport data
23:53:09.744 BackSpaceChallange[76625:3789701] <XCTWaiter: 0x604000012530, state: XCTWaiterStateInProgress> entering wait loop for 60.00s with expectations: (
    "Transport for IDE session acquired"
)
23:53:09.753 BackSpaceChallange[76625:3789701] <XCTWaiter: 0x604000012530, state: XCTWaiterStateSucceeded> done waiting
23:53:09.753 BackSpaceChallange[76625:3789701] <XCTWaiter: 0x604000012530, state: XCTWaiterStateSucceeded> cleaning up Transport for IDE session acquired
23:53:09.754 BackSpaceChallange[76625:3789701] Creating connection with transport <DTXFileDescriptorTransport: 0x6000034ee980>
23:53:09.756 BackSpaceChallange[76625:3789701] Creating the proxy channel with connection <DTXConnection 0x6000001f4200 : x1>
23:53:09.756 BackSpaceChallange[76625:3789701] Creating future for 'IDE session ready for test plan' with timeout 60.00
23:53:09.756 BackSpaceChallange[76625:3789701] Messaging IDE proxy - _XCT_testBundleReadyWithProtocolVersion:25 minimumVersion:8
23:53:09.757 BackSpaceChallange[76625:3789701] <XCTWaiter: 0x6040000125a0, state: XCTWaiterStateInProgress> entering wait loop for 60.00s with expectations: (
    "IDE session ready for test plan"
)
23:53:09.757 BackSpaceChallange[76625:3789841] _XCT_testBundleReadyWithProtocolVersion:minimumVersion: reply received
23:53:10.147 BackSpaceChallange[76625:3789842] _IDE_startExecutingTestPlanWithProtocolVersion:25
23:53:10.147 BackSpaceChallange[76625:3789842] <XCTWaiter: 0x6040000125a0, state: XCTWaiterStateSucceeded>: cancelWaiting
23:53:10.147 BackSpaceChallange[76625:3789701] <XCTWaiter: 0x6040000125a0, state: XCTWaiterStateSucceeded> done waiting
23:53:10.147 BackSpaceChallange[76625:3789701] <XCTWaiter: 0x6040000125a0, state: XCTWaiterStateSucceeded> cleaning up IDE session ready for test plan
23:53:10.152 Xcode[19349:1243288] Starting test plan, clearing initialization timeout timer.
23:53:10.151 BackSpaceChallange[76625:3789701] Loading test suite...
23:53:10.407 Xcode[19349:1243288] <IDETestOperationCoordinator: 0x7f85c63c9d20>: parseConsoleOutputFromOriginalOutput: called, 58 bytes written out to StandardOutputAndStandardError
Test Suite 'All tests' started at 2018-06-03 23:53:10.405
23:53:10.407 Xcode[19349:1243288] <IDETestOperationCoordinator: 0x7f85c63c9d20>: parseConsoleOutputFromOriginalOutput: called, 79 bytes written out to StandardOutputAndStandardError
23:53:10.405 BackSpaceChallange[76625:3789701] Finished loading test suite, took 0.254s
23:53:10.405 BackSpaceChallange[76625:3789701] -[XCTRunnerIDESession testBundleWillStart:]
23:53:10.405 BackSpaceChallange[76625:3789701] Running suite...
23:53:10.406 BackSpaceChallange[76625:3789701] -[XCTRunnerIDESession testSuiteWillStart:]
Test Suite 'BackSpaceChallangeTests.xctest' started at 2018-06-03 23:53:10.407
23:53:10.408 Xcode[19349:1243288] <IDETestOperationCoordinator: 0x7f85c63c9d20>: parseConsoleOutputFromOriginalOutput: called, 72 bytes written out to StandardOutputAndStandardError
Test Suite 'BackSpaceChallangeTests' started at 2018-06-03 23:53:10.407
23:53:10.408 Xcode[19349:1243288] <IDETestOperationCoordinator: 0x7f85c63c9d20>: parseConsoleOutputFromOriginalOutput: called, 84 bytes written out to StandardOutputAndStandardError
23:53:10.409 Xcode[19349:1243288] _XCT_testSuite:All tests didStartAt:2018-06-04 03:53:10 +0000
23:53:10.411 Xcode[19349:3789241] (LOG ARBITER) Dumping buffered message data; 0 messages.
23:53:10.471 Xcode[19349:3789305] (LOG ARBITER) Rotating message buffer with 13 messages.
23:53:10.697 Xcode[19349:3789301] (LOG ARBITER) Dumping buffered message data; 13 messages.
23:53:10.713 Xcode[19349:3789301] (LOG ARBITER) Dumping buffered message data; 0 messages.
23:53:10.728 Xcode[19349:3789229] (LOG ARBITER) Dumping buffered message data; 0 messages.
23:53:13.494 Xcode[19349:3789229] (LOG ARBITER) Rotating message buffer with 57 messages.
Test Case '-[BackSpaceChallangeTests.BackSpaceChallangeTests testPerformanceExample]' started.
23:53:10.520 Xcode[19349:1243288] <IDETestOperationCoordinator: 0x7f85c63c9d20>: parseConsoleOutputFromOriginalOutput: called, 0 bytes written out to StandardOutputAndStandardError
23:53:10.695 Xcode[19349:1243288] <IDETestOperationCoordinator: 0x7f85c63c9d20>: parseConsoleOutputFromOriginalOutput: called, 656 bytes written out to StandardOutputAndStandardError
23:53:10.694 BackSpaceChallange[76625:3789701] -[XCTRunnerIDESession _testCase:didMeasureValues:forPerformanceMetricID:name:unitsOfMeasurement:baselineName:baselineAverage:maxPercentRegression:maxPercentRelativeStandardDeviation:maxRegression:maxStandardDeviation:file:line:]
/Users/gabrielcortinas/Desktop/Xcode Examples/BackSpace/BackSpaceProject/BackSpaceChallange/BackSpaceChallangeTests/BackSpaceChallangeTests.swift:54: Test Case '-[BackSpaceChallangeTests.BackSpaceChallangeTests testPerformanceExample]' measured [Time, seconds] average: 0.000, relative standard deviation: 120.625%, values: [0.000004, 0.000001, 0.000001, 0.000001, 0.000001, 0.000001, 0.000000, 0.000000, 0.000001, 0.000000], performanceMetricID:com.apple.XCTPerformanceMetric_WallClockTime, baselineName: "", baselineAverage: , maxPercentRegression: 10.000%, maxPercentRelativeStandardDeviation: 10.000%, maxRegression: 0.100, maxStandardDeviation: 0.100
23:53:10.695 Xcode[19349:1243288] <IDETestOperationCoordinator: 0x7f85c63c9d20>: parseConsoleOutputFromOriginalOutput: called, 110 bytes written out to StandardOutputAndStandardError
23:53:10.696 Xcode[19349:1243288] -[XCTTestRunnerSession _XCT_testMethod:ofClass:didMeasureMetric:file:line:]_block_invoke
Test Case '-[BackSpaceChallangeTests.BackSpaceChallangeTests testPerformanceExample]' passed (0.286 seconds).
23:53:10.696 Xcode[19349:1243288] <IDETestOperationCoordinator: 0x7f85c63c9d20>: parseConsoleOutputFromOriginalOutput: called, 148 bytes written out to StandardOutputAndStandardError
23:53:10.695 BackSpaceChallange[76625:3789701] -[XCTRunnerIDESession testCaseDidFinish:]
Test Suite 'BackSpaceChallangeTests' passed at 2018-06-03 23:53:10.695.
	 Executed 2 tests, with 0 failures (0 unexpected) in 0.287 (0.288) seconds
Test Suite 'TestBadData' started at 2018-06-03 23:53:10.696
23:53:10.696 Xcode[19349:1243288] <IDETestOperationCoordinator: 0x7f85c63c9d20>: parseConsoleOutputFromOriginalOutput: called, 141 bytes written out to StandardOutputAndStandardError
23:53:10.697 Xcode[19349:1243288] _XCT_testCaseDidFinishForTestClass:BackSpaceChallangeTests.BackSpaceChallangeTests method:testPerformanceExample withStatus:passed duration:0.2858459949493408
Test Case '-[BackSpaceChallangeTests.TestBadData testBadDataAvailable]' started.
23:53:10.711 Xcode[19349:1243288] <IDETestOperationCoordinator: 0x7f85c63c9d20>: parseConsoleOutputFromOriginalOutput: called, 96 bytes written out to StandardOutputAndStandardError
23:53:10.695 BackSpaceChallange[76625:3789701] -[XCTRunnerIDESession testSuiteDidFinish:]
23:53:10.712 Xcode[19349:1243288] _XCT_testSuite:BackSpaceChallangeTests didFinishAt:2018-06-04 03:53:10 +0000 runCount:2 withFailures:0 unexpected:0 testDuration:0.2868160009384155 totalDuration:0.2879669666290283
23:53:10.696 BackSpaceChallange[76625:3789701] -[XCTRunnerIDESession testSuiteWillStart:]
23:53:10.712 Xcode[19349:1243288] _XCT_testSuite:TestBadData didStartAt:2018-06-04 03:53:10 +0000
23:53:10.696 BackSpaceChallange[76625:3789701] -[XCTRunnerIDESession testCaseWillStart:] BackSpaceChallangeTests.TestBadData testBadDataAvailable
23:53:10.712 Xcode[19349:1243288] _XCT_testCaseDidStartForTestClass:BackSpaceChallangeTests.TestBadData method:testBadDataAvailable
23:53:10.700 BackSpaceChallange[76625:3789701] <XCTWaiter: 0x604000012db0, state: XCTWaiterStateInProgress> entering wait loop for 10.00s with expectations: (
    "Download apple.com home page"
)
23:53:10.703 BackSpaceChallange[76625:3789842] <XCTWaiter: 0x604000012db0, state: XCTWaiterStateSucceeded>: cancelWaiting
23:53:10.703 BackSpaceChallange[76625:3789701] <XCTWaiter: 0x604000012db0, state: XCTWaiterStateSucceeded> done waiting
23:53:10.704 BackSpaceChallange[76625:3789701] <XCTWaiter: 0x604000012db0, state: XCTWaiterStateSucceeded> cleaning up Download apple.com home page
23:53:10.712 Xcode[19349:1243288] _XCT_testCaseDidFinishForTestClass:BackSpaceChallangeTests.TestBadData method:testBadDataAvailable withStatus:passed duration:0.01159703731536865
23:53:10.708 BackSpaceChallange[76625:3789701] -[XCTRunnerIDESession testCaseDidFinish:]
23:53:10.708 BackSpaceChallange[76625:3789701] -[XCTRunnerIDESession testSuiteDidFinish:]
23:53:10.713 Xcode[19349:1243288] _XCT_testSuite:TestBadData didFinishAt:2018-06-04 03:53:10 +0000 runCount:1 withFailures:0 unexpected:0 testDuration:0.01159703731536865 totalDuration:0.01236093044281006
Test Case '-[BackSpaceChallangeTests.TestBadData testBadDataAvailable]' passed (0.012 seconds).
Test Suite 'TestBadData' passed at 2018-06-03 23:53:10.708.
	 Executed 1 test, with 0 failures (0 unexpected) in 0.012 (0.012) seconds
Test Suite 'TestNoData' started at 2018-06-03 23:53:10.709
Test Case '-[BackSpaceChallangeTests.TestNoData testNoDataAvailable]' started.
Test Case '-[BackSpaceChallangeTests.TestNoData testNoDataAvailable]' passed (0.001 seconds).
Test Suite 'TestNoData' passed at 2018-06-03 23:53:10.711.
	 Executed 1 test, with 0 failures (0 unexpected) in 0.001 (0.002) seconds
Test Suite 'TestSpecialData' started at 2018-06-03 23:53:10.712
23:53:10.715 Xcode[19349:1243288] <IDETestOperationCoordinator: 0x7f85c63c9d20>: parseConsoleOutputFromOriginalOutput: called, 661 bytes written out to StandardOutputAndStandardError
23:53:10.709 BackSpaceChallange[76625:3789701] -[XCTRunnerIDESession testSuiteWillStart:]
23:53:10.727 Xcode[19349:1243288] _XCT_testSuite:TestNoData didStartAt:2018-06-04 03:53:10 +0000
23:53:10.710 BackSpaceChallange[76625:3789701] -[XCTRunnerIDESession testCaseWillStart:] BackSpaceChallangeTests.TestNoData testNoDataAvailable
23:53:10.727 Xcode[19349:1243288] _XCT_testCaseDidStartForTestClass:BackSpaceChallangeTests.TestNoData method:testNoDataAvailable
23:53:10.710 BackSpaceChallange[76625:3789701] <XCTWaiter: 0x604000013ba0, state: XCTWaiterStateSucceeded> entering wait loop for 10.00s with expectations: (
    "Download apple.com home page"
)
23:53:10.728 Xcode[19349:1243288] _XCT_testCaseDidFinishForTestClass:BackSpaceChallangeTests.TestNoData method:testNoDataAvailable withStatus:passed duration:0.0009659528732299805
23:53:10.728 Xcode[19349:1243288] _XCT_testSuite:TestNoData didFinishAt:2018-06-04 03:53:10 +0000 runCount:1 withFailures:0 unexpected:0 testDuration:0.0009659528732299805 totalDuration:0.002395987510681152
23:53:10.710 BackSpaceChallange[76625:3789701] <XCTWaiter: 0x604000013ba0, state: XCTWaiterStateSucceeded> done waiting
23:53:10.711 BackSpaceChallange[76625:3789701] <XCTWaiter: 0x604000013ba0, state: XCTWaiterStateSucceeded> cleaning up Download apple.com home page
23:53:10.711 BackSpaceChallange[76625:3789701] -[XCTRunnerIDESession testCaseDidFinish:]
23:53:10.728 Xcode[19349:1243288] _XCT_testSuite:TestSpecialData didStartAt:2018-06-04 03:53:10 +0000
23:53:10.711 BackSpaceChallange[76625:3789701] -[XCTRunnerIDESession testSuiteDidFinish:]
23:53:10.712 BackSpaceChallange[76625:3789701] -[XCTRunnerIDESession testSuiteWillStart:]
23:53:10.728 Xcode[19349:1243288] _XCT_testCaseDidStartForTestClass:BackSpaceChallangeTests.TestSpecialData method:testSpecialCharactewrsAvailable
23:53:10.712 BackSpaceChallange[76625:3789701] -[XCTRunnerIDESession testCaseWillStart:] BackSpaceChallangeTests.TestSpecialData testSpecialCharactewrsAvailable
23:53:10.713 BackSpaceChallange[76625:3789701] <XCTWaiter: 0x600000009550, state: XCTWaiterStateInProgress> entering wait loop for 10.00s with expectations: (
    "Download apple.com home page"
)
Test Case '-[BackSpaceChallangeTests.TestSpecialData testSpecialCharactewrsAvailable]' started.
23:53:10.827 Xcode[19349:1243288] <IDETestOperationCoordinator: 0x7f85c63c9d20>: parseConsoleOutputFromOriginalOutput: called, 0 bytes written out to StandardOutputAndStandardError
23:53:10.841 Xcode[19349:1243288] Clearing timeout timer while paused in the debugger. Timeout conditions may not be detected during this session.
/Users/gabrielcortinas/Desktop/Xcode Examples/BackSpace/BackSpaceProject/BackSpaceChallange/BackSpaceChallangeTests/TestSpecialData.swift:56: error: -[BackSpaceChallangeTests.TestSpecialData testSpecialCharactewrsAvailable] : XCTAssertNil failed: "(key: "ü§ï", value: [BackSpaceChallangeTests.cityInformation(fullName: "ü§ïtest, üèÅ", country: "üèÅ", name: "ü§ïtest", id: 10, location: __C.CLLocationCoordinate2D(latitude: 44.416668000000001, longitude: 33.733333999999999))])" - no info available
/Users/gabrielcortinas/Desktop/Xcode Examples/BackSpace/BackSpaceProject/BackSpaceChallange/BackSpaceChallangeTests/TestSpecialData.swift:66: error: -[BackSpaceChallangeTests.TestSpecialData testSpecialCharactewrsAvailable] : XCTAssertTrue failed - No info this need to be Empty
Test Case '-[BackSpaceChallangeTests.TestSpecialData testSpecialCharactewrsAvailable]' failed (3.119 seconds).
23:53:13.841 Xcode[19349:1243288] <IDETestOperationCoordinator: 0x7f85c63c9d20>: parseConsoleOutputFromOriginalOutput: called, 947 bytes written out to StandardOutputAndStandardError
23:53:13.823 BackSpaceChallange[76625:3789842] <XCTWaiter: 0x600000009550, state: XCTWaiterStateSucceeded>: cancelWaiting
23:53:13.824 BackSpaceChallange[76625:3789701] <XCTWaiter: 0x600000009550, state: XCTWaiterStateSucceeded> done waiting
23:53:13.825 BackSpaceChallange[76625:3789701] <XCTWaiter: 0x600000009550, state: XCTWaiterStateSucceeded> cleaning up Download apple.com home page
23:53:13.841 Xcode[19349:1243288] _XCT_testCaseDidFailForTestClass:BackSpaceChallangeTests.TestSpecialData method:testSpecialCharactewrsAvailable withMessage:XCTAssertNil failed: "(key: "ü§ï", value: [BackSpaceChallangeTests.cityInformation(fullName: "ü§ïtest, üèÅ", country: "üèÅ", name: "ü§ïtest", id: 10, location: __C.CLLocationCoordinate2D(latitude: 44.416668000000001, longitude: 33.733333999999999))])" - no info available file:/Users/gabrielcortinas/Desktop/Xcode Examples/BackSpace/BackSpaceProject/BackSpaceChallange/BackSpaceChallangeTests/TestSpecialData.swift line:56
23:53:13.828 BackSpaceChallange[76625:3789701] -[XCTRunnerIDESession testCase:didFailWithDescription:inFile:atLine:]
Test Suite 'TestSpecialData' failed at 2018-06-03 23:53:13.831.
	 Executed 1 test, with 2 failures (0 unexpected) in 3.119 (3.120) seconds
Test Suite 'BackSpaceChallangeTests.xctest' failed at 2018-06-03 23:53:13.833.
	 Executed 5 tests, with 2 failures (0 unexpected) in 3.418 (3.426) seconds
23:53:13.842 Xcode[19349:1243288] <IDETestOperationCoordinator: 0x7f85c63c9d20>: parseConsoleOutputFromOriginalOutput: called, 364 bytes written out to StandardOutputAndStandardError
23:53:13.842 Xcode[19349:1243288] -[BackSpaceChallangeTests.TestSpecialData testSpecialCharactewrsAvailable] will start activity 50DE0B12-360E-456C-83FD-0BB459DC6F16:'Assertion Failure: TestSpecialData.swift:56: XCTAssertNil failed: "(key: "ü§ï", value: [BackSpaceChallangeTests.cityInformation(fullName: "ü§ïtest, üèÅ", country: "üèÅ", name: "ü§ïtest", id: 10, location: __C.CLLocationCoordinate2D(latitude: 44.416668000000001, longitude: 33.733333999999999))])" - no info available'
23:53:13.842 Xcode[19349:1243288] -[BackSpaceChallangeTests.TestSpecialData testSpecialCharactewrsAvailable] did finish activity 50DE0B12-360E-456C-83FD-0BB459DC6F16:'Assertion Failure: TestSpecialData.swift:56: XCTAssertNil failed: "(key: "ü§ï", value: [BackSpaceChallangeTests.cityInformation(fullName: "ü§ïtest, üèÅ", country: "üèÅ", name: "ü§ïtest", id: 10, location: __C.CLLocationCoordinate2D(latitude: 44.416668000000001, longitude: 33.733333999999999))])" - no info available'
23:53:13.829 BackSpaceChallange[76625:3789701] -[TestSpecialData testSpecialCharactewrsAvailable] started activity <XCActivityRecord: 0x604000491f30> 2018-06-04 03:53:13 +0000: Assertion Failure: TestSpecialData.swift:56: XCTAssertNil failed: "(key: "ü§ï", value: [BackSpaceChallangeTests.cityInformation(fullName: "ü§ïtest, üèÅ", country: "üèÅ", name: "ü§ïtest", id: 10, location: __C.CLLocationCoordinate2D(latitude: 44.416668000000001, longitude: 33.733333999999999))])" - no info available
23:53:13.829 BackSpaceChallange[76625:3789701] -[TestSpecialData testSpecialCharactewrsAvailable] finished activity <XCActivityRecord: 0x604000491f30> 2018-06-04 03:53:13 +0000: Assertion Failure: TestSpecialData.swift:56: XCTAssertNil failed: "(key: "ü§ï", value: [BackSpaceChallangeTests.cityInformation(fullName: "ü§ïtest, üèÅ", country: "üèÅ", name: "ü§ïtest", id: 10, location: __C.CLLocationCoordinate2D(latitude: 44.416668000000001, longitude: 33.733333999999999))])" - no info available (0.000540972s)
23:53:13.830 BackSpaceChallange[76625:3789701] -[XCTRunnerIDESession testCase:didFailWithDescription:inFile:atLine:]
23:53:13.842 Xcode[19349:1243288] _XCT_testCaseDidFailForTestClass:BackSpaceChallangeTests.TestSpecialData method:testSpecialCharactewrsAvailable withMessage:XCTAssertTrue failed - No info this need to be Empty file:/Users/gabrielcortinas/Desktop/Xcode Examples/BackSpace/BackSpaceProject/BackSpaceChallange/BackSpaceChallangeTests/TestSpecialData.swift line:66
23:53:13.842 Xcode[19349:1243288] -[BackSpaceChallangeTests.TestSpecialData testSpecialCharactewrsAvailable] will start activity 18BD59E7-2993-422C-B062-30DE4D9E9D4C:'Assertion Failure: TestSpecialData.swift:66: XCTAssertTrue failed - No info this need to be Empty'
23:53:13.830 BackSpaceChallange[76625:3789701] -[TestSpecialData testSpecialCharactewrsAvailable] started activity <XCActivityRecord: 0x6040004920c0> 2018-06-04 03:53:13 +0000: Assertion Failure: TestSpecialData.swift:66: XCTAssertTrue failed - No info this need to be Empty
23:53:13.830 BackSpaceChallange[76625:3789701] -[TestSpecialData testSpecialCharactewrsAvailable] finished activity <XCActivityRecord: 0x6040004920c0> 2018-06-04 03:53:13 +0000: Assertion Failure: TestSpecialData.swift:66: XCTAssertTrue failed - No info this need to be Empty (0.00040102s)
23:53:13.842 Xcode[19349:1243288] -[BackSpaceChallangeTests.TestSpecialData testSpecialCharactewrsAvailable] did finish activity 18BD59E7-2993-422C-B062-30DE4D9E9D4C:'Assertion Failure: TestSpecialData.swift:66: XCTAssertTrue failed - No info this need to be Empty'
23:53:13.842 Xcode[19349:1243288] _XCT_testCaseDidFinishForTestClass:BackSpaceChallangeTests.TestSpecialData method:testSpecialCharactewrsAvailable withStatus:failed duration:3.118986010551453
23:53:13.831 BackSpaceChallange[76625:3789701] -[XCTRunnerIDESession testCaseDidFinish:]
23:53:13.980 Xcode[19349:1243288] _XCT_testSuite:TestSpecialData didFinishAt:2018-06-04 03:53:13 +0000 runCount:1 withFailures:2 unexpected:0 testDuration:3.118986010551453 totalDuration:3.119664907455444
23:53:13.832 BackSpaceChallange[76625:3789701] -[XCTRunnerIDESession testSuiteDidFinish:]
23:53:13.833 BackSpaceChallange[76625:3789701] Activity statistics for TestSpecialData:
23:53:13.833 BackSpaceChallange[76625:3789701] 0.00s : Other
23:53:13.833 BackSpaceChallange[76625:3789701] Total time in activities: 0.00s
23:53:13.833 BackSpaceChallange[76625:3789701] -[XCTRunnerIDESession testSuiteDidFinish:]
23:53:13.980 Xcode[19349:1243288] _XCT_testSuite:BackSpaceChallangeTests.xctest didFinishAt:2018-06-04 03:53:13 +0000 runCount:5 withFailures:2 unexpected:0 testDuration:3.418365001678467 totalDuration:3.425709962844849
23:53:13.833 BackSpaceChallange[76625:3789701] Activity statistics for BackSpaceChallangeTests.xctest:
23:53:13.833 BackSpaceChallange[76625:3789701] 0.00s : Other
23:53:13.833 BackSpaceChallange[76625:3789701] Total time in activities: 0.00s
23:53:13.834 BackSpaceChallange[76625:3789701] -[XCTRunnerIDESession testSuiteDidFinish:]
23:53:13.980 Xcode[19349:1243288] _XCT_testSuite:All tests didFinishAt:2018-06-04 03:53:13 +0000 runCount:5 withFailures:2 unexpected:0 testDuration:3.418365001678467 totalDuration:3.428562998771667
23:53:13.835 BackSpaceChallange[76625:3789701] Activity statistics for All tests:
23:53:13.835 BackSpaceChallange[76625:3789701] 0.00s : Other
23:53:13.835 BackSpaceChallange[76625:3789701] Total time in activities: 0.00s
23:53:13.835 BackSpaceChallange[76625:3789701] Finished running suite.
23:53:13.835 BackSpaceChallange[76625:3789701] -[XCTRunnerIDESession testBundleDidFinish:], Flushing connection to IDE...
23:53:13.980 Xcode[19349:1243288] -[XCTTestRunnerSession _XCT_didFinishExecutingTestPlan]_block_invoke
23:53:13.836 BackSpaceChallange[76625:3789701] Calling completion.
23:53:13.837 BackSpaceChallange[76625:3789701] <XCTWaiter: 0x600000009580, state: XCTWaiterStateInProgress> entering wait loop for 15.00s with expectations: (
    "IDE confirmed the end of session"
)
23:53:13.981 BackSpaceChallange[76625:3789842] <XCTWaiter: 0x600000009580, state: XCTWaiterStateSucceeded>: cancelWaiting
23:53:13.989 testmanagerd[67458:3789847] Test process connection invalidated or interrupted, closing test session <XCTestSession: 0x7f971e423030>.
23:53:13.990 testmanagerd[67458:3789847] Closed <XCTestSession: 0x7f971e423030>, removing from (
    "<XCTestSession: 0x7f971e423030>"
)
23:53:13.991 testmanagerd[67458:3789847] Tearing down <XCTestSession: 0x7f971e423030>.
23:53:13.991 testmanagerd[67458:3789847] XCTestSession is responsible for cleaning up its socket from an XCIDESession
23:53:13.991 testmanagerd[67458:3789847] Tearing down <XCTDApplicationMonitor: 0x7f971e416920>.
23:53:14.000 testmanagerd[67458:3789847] Tearing down <XCTDProcessAssertionManager: 0x7f971e423200>.
23:53:14.003 testmanagerd[67458:3789847] Session summary: 0 test sessions, 0 sessions with identifiers, 0 unidentified sessions, has control sessions
23:53:14.004 testmanagerd[67458:3789847] Control sessions: (
    "<XCIDESession: 0x7f971e711c10> (socket 6) created Sunday, June 3, 2018 at 11:53:09 PM Eastern Daylight Time"
)
23:53:14.020 Xcode[19349:1243288] Got death notice for pid 76625, removing from SimulatorSessionMap
23:53:14.020 Xcode[19349:3789305] Closing socket 147 to testmanagerd for Sim iPhone 8 Plus
23:53:14.027 Xcode[19349:1243288] Test process exited with exit code 1
23:53:14.040 Xcode[19349:1243288] Claim LaunchSessionClaim_0x7f85c975c8c0 on simulator C88FBC94-57B3-44EE-AB8B-F335396179AA was relinquished
23:53:14.040 Xcode[19349:1243288] Claim LaunchSessionClaim_0x7f85c975c8c0 on simulator C88FBC94-57B3-44EE-AB8B-F335396179AA was relinquished
Test Suite 'All tests' failed at 2018-06-03 23:53:13.834.
	 Executed 5 tests, with 2 failures (0 unexpected) in 3.418 (3.429) seconds
23:53:14.068 Xcode[19349:1243288] <IDETestOperationCoordinator: 0x7f85c63c9d20>: parseConsoleOutputFromOriginalOutput: called, 0 bytes written out to StandardOutputAndStandardError
23:53:14.289 Xcode[19349:1243288] <IDETestOperationCoordinator: 0x7f85c63c9d20> finished receiving data from <IDEConsoleAdaptor: 0x7f85d3c1fdf0 'target' stdin: (null) 0 stdout: (null) 0 stderr: (null) 0>
23:53:14.289 Xcode[19349:1243288] <IDETestOperationCoordinator: 0x7f85c63c9d20>: _considerFlushingDelegateBlockQueue - nothing to flush
23:53:14.289 Xcode[19349:1243288] _finishWithError:(null)
