Test Suite 'All tests' started at 2018-06-03 23:53:10.405
Test Suite 'BackSpaceChallangeTests.xctest' started at 2018-06-03 23:53:10.407
Test Suite 'BackSpaceChallangeTests' started at 2018-06-03 23:53:10.407
Test Case '-[BackSpaceChallangeTests.BackSpaceChallangeTests testExample]' started.
Test Case '-[BackSpaceChallangeTests.BackSpaceChallangeTests testExample]' passed (0.001 seconds).
Test Case '-[BackSpaceChallangeTests.BackSpaceChallangeTests testPerformanceExample]' started.
/Users/gabrielcortinas/Desktop/Xcode Examples/BackSpace/BackSpaceProject/BackSpaceChallange/BackSpaceChallangeTests/BackSpaceChallangeTests.swift:54: Test Case '-[BackSpaceChallangeTests.BackSpaceChallangeTests testPerformanceExample]' measured [Time, seconds] average: 0.000, relative standard deviation: 120.625%, values: [0.000004, 0.000001, 0.000001, 0.000001, 0.000001, 0.000001, 0.000000, 0.000000, 0.000001, 0.000000], performanceMetricID:com.apple.XCTPerformanceMetric_WallClockTime, baselineName: "", baselineAverage: , maxPercentRegression: 10.000%, maxPercentRelativeStandardDeviation: 10.000%, maxRegression: 0.100, maxStandardDeviation: 0.100
Test Case '-[BackSpaceChallangeTests.BackSpaceChallangeTests testPerformanceExample]' passed (0.286 seconds).
Test Suite 'BackSpaceChallangeTests' passed at 2018-06-03 23:53:10.695.
	 Executed 2 tests, with 0 failures (0 unexpected) in 0.287 (0.288) seconds
Test Suite 'TestBadData' started at 2018-06-03 23:53:10.696
Test Case '-[BackSpaceChallangeTests.TestBadData testBadDataAvailable]' started.
Test Case '-[BackSpaceChallangeTests.TestBadData testBadDataAvailable]' passed (0.012 seconds).
Test Suite 'TestBadData' passed at 2018-06-03 23:53:10.708.
	 Executed 1 test, with 0 failures (0 unexpected) in 0.012 (0.012) seconds
Test Suite 'TestNoData' started at 2018-06-03 23:53:10.709
Test Case '-[BackSpaceChallangeTests.TestNoData testNoDataAvailable]' started.
Test Case '-[BackSpaceChallangeTests.TestNoData testNoDataAvailable]' passed (0.001 seconds).
Test Suite 'TestNoData' passed at 2018-06-03 23:53:10.711.
	 Executed 1 test, with 0 failures (0 unexpected) in 0.001 (0.002) seconds
Test Suite 'TestSpecialData' started at 2018-06-03 23:53:10.712
Test Case '-[BackSpaceChallangeTests.TestSpecialData testSpecialCharactewrsAvailable]' started.
/Users/gabrielcortinas/Desktop/Xcode Examples/BackSpace/BackSpaceProject/BackSpaceChallange/BackSpaceChallangeTests/TestSpecialData.swift:56: error: -[BackSpaceChallangeTests.TestSpecialData testSpecialCharactewrsAvailable] : XCTAssertNil failed: "(key: "ü§ï", value: [BackSpaceChallangeTests.cityInformation(fullName: "ü§ïtest, üèÅ", country: "üèÅ", name: "ü§ïtest", id: 10, location: __C.CLLocationCoordinate2D(latitude: 44.416668000000001, longitude: 33.733333999999999))])" - no info available
/Users/gabrielcortinas/Desktop/Xcode Examples/BackSpace/BackSpaceProject/BackSpaceChallange/BackSpaceChallangeTests/TestSpecialData.swift:66: error: -[BackSpaceChallangeTests.TestSpecialData testSpecialCharactewrsAvailable] : XCTAssertTrue failed - No info this need to be Empty
Test Case '-[BackSpaceChallangeTests.TestSpecialData testSpecialCharactewrsAvailable]' failed (3.119 seconds).
Test Suite 'TestSpecialData' failed at 2018-06-03 23:53:13.831.
	 Executed 1 test, with 2 failures (0 unexpected) in 3.119 (3.120) seconds
Test Suite 'BackSpaceChallangeTests.xctest' failed at 2018-06-03 23:53:13.833.
	 Executed 5 tests, with 2 failures (0 unexpected) in 3.418 (3.426) seconds
Test Suite 'All tests' failed at 2018-06-03 23:53:13.834.
	 Executed 5 tests, with 2 failures (0 unexpected) in 3.418 (3.429) seconds
