Test Suite 'All tests' started at 2018-06-03 22:37:05.993
Test Suite 'BackSpaceChallangeTests.xctest' started at 2018-06-03 22:37:05.993
Test Suite 'BackSpaceChallangeTests' started at 2018-06-03 22:37:05.994
Test Case '-[BackSpaceChallangeTests.BackSpaceChallangeTests testExample]' started.
Test Case '-[BackSpaceChallangeTests.BackSpaceChallangeTests testExample]' passed (0.001 seconds).
Test Case '-[BackSpaceChallangeTests.BackSpaceChallangeTests testPerformanceExample]' started.
/Users/gabrielcortinas/Desktop/Xcode Examples/BackSpace/BackSpaceProject/BackSpaceChallange/BackSpaceChallangeTests/BackSpaceChallangeTests.swift:55: Test Case '-[BackSpaceChallangeTests.BackSpaceChallangeTests testPerformanceExample]' measured [Time, seconds] average: 0.000, relative standard deviation: 134.597%, values: [0.000003, 0.000001, 0.000000, 0.000000, 0.000000, 0.000000, 0.000000, 0.000000, 0.000000, 0.000000], performanceMetricID:com.apple.XCTPerformanceMetric_WallClockTime, baselineName: "", baselineAverage: , maxPercentRegression: 10.000%, maxPercentRelativeStandardDeviation: 10.000%, maxRegression: 0.100, maxStandardDeviation: 0.100
Test Case '-[BackSpaceChallangeTests.BackSpaceChallangeTests testPerformanceExample]' passed (0.282 seconds).
Test Suite 'BackSpaceChallangeTests' passed at 2018-06-03 22:37:06.278.
	 Executed 2 tests, with 0 failures (0 unexpected) in 0.283 (0.284) seconds
Test Suite 'TestBadData' started at 2018-06-03 22:37:06.278
Test Case '-[BackSpaceChallangeTests.TestBadData testNoDataAvailable]' started.
Test Case '-[BackSpaceChallangeTests.TestBadData testNoDataAvailable]' passed (0.001 seconds).
Test Suite 'TestBadData' passed at 2018-06-03 22:37:06.279.
	 Executed 1 test, with 0 failures (0 unexpected) in 0.001 (0.001) seconds
Test Suite 'TestNoData' started at 2018-06-03 22:37:06.280
Test Case '-[BackSpaceChallangeTests.TestNoData testNoDataAvailable]' started.
/Users/gabrielcortinas/Desktop/Xcode Examples/BackSpace/BackSpaceProject/BackSpaceChallange/BackSpaceChallangeTests/TestNoData.swift:46: error: -[BackSpaceChallangeTests.TestNoData testNoDataAvailable] : XCTAssertNil failed: "[]" - No info
/Users/gabrielcortinas/Desktop/Xcode Examples/BackSpace/BackSpaceProject/BackSpaceChallange/BackSpaceChallangeTests/TestNoData.swift:47: error: -[BackSpaceChallangeTests.TestNoData testNoDataAvailable] : XCTAssertNil failed: "[:]" - No data available
Test Case '-[BackSpaceChallangeTests.TestNoData testNoDataAvailable]' failed (28.398 seconds).
Test Suite 'TestNoData' failed at 2018-06-03 22:37:34.679.
	 Executed 1 test, with 2 failures (0 unexpected) in 28.398 (28.399) seconds
Test Suite 'TestSpecialData' started at 2018-06-03 22:37:34.679
Test Case '-[BackSpaceChallangeTests.TestSpecialData testNoDataAvailable]' started.
Test Case '-[BackSpaceChallangeTests.TestSpecialData testNoDataAvailable]' passed (0.001 seconds).
Test Suite 'TestSpecialData' passed at 2018-06-03 22:37:34.681.
	 Executed 1 test, with 0 failures (0 unexpected) in 0.001 (0.001) seconds
Test Suite 'BackSpaceChallangeTests.xctest' failed at 2018-06-03 22:37:34.681.
	 Executed 5 tests, with 2 failures (0 unexpected) in 28.682 (28.688) seconds
Test Suite 'All tests' failed at 2018-06-03 22:37:34.682.
	 Executed 5 tests, with 2 failures (0 unexpected) in 28.682 (28.689) seconds
